#
# A fatal error has been detected by the Java Runtime Environment:
#
#  EXCEPTION_ACCESS_VIOLATION (0xc0000005) at pc=0x00007ffaddb12031, pid=5752, tid=6316
#
# JRE version: OpenJDK Runtime Environment (23.0.2+7) (build 23.0.2+7-58)
# Java VM: OpenJDK 64-Bit Server VM (23.0.2+7-58, mixed mode, sharing, tiered, compressed oops, compressed class ptrs, g1 gc, windows-amd64)
# Problematic frame:
# V  [jvm.dll+0x3b2031]
#
# No core dump will be written. Minidumps are not enabled by default on client versions of Windows
#
# If you would like to submit a bug report, please visit:
#   https://bugreport.java.com/bugreport/crash.jsp
#

---------------  S U M M A R Y ------------

Command Line: -ea -Didea.test.cyclic.buffer.size=1048576 -javaagent:D:\IntelliJ IDEA 2024.3.1\lib\idea_rt.jar=62527:D:\IntelliJ IDEA 2024.3.1\bin -javaagent:C:\Users\user\AppData\Local\JetBrains\IntelliJIdea2024.3\captureAgent\debugger-agent.jar -Dkotlinx.coroutines.debug.enable.creation.stack.trace=false -Ddebugger.agent.enable.coroutines=true -Dkotlinx.coroutines.debug.enable.flows.stack.trace=true -Dkotlinx.coroutines.debug.enable.mutable.state.flows.stack.trace=true -Dfile.encoding=UTF-8 -Dsun.stdout.encoding=UTF-8 -Dsun.stderr.encoding=UTF-8 com.intellij.rt.junit.JUnitStarter -ideVersion5 -junit5 com.kafka1.demo.Services.Tests.DB.MessageDbServiceTest,save

Host: Intel(R) Core(TM) i5-6400 CPU @ 2.70GHz, 4 cores, 15G,  Windows 11 , 64 bit Build 26100 (10.0.26100.2454)
Time: Sun Mar  9 18:02:02 2025 RTZ 2 (s 11 , 64 bit Build 26100 (10.0.26100.2454) elapsed time: 1.524998 seconds (0d 0h 0m 1s)

---------------  T H R E A D  ---------------

Current thread (0x0000015f073c18a0):  JavaThread "C2 CompilerThread0" daemon [_thread_in_native, id=6316, stack(0x0000002e41f00000,0x0000002e42000000) (1024K)]


Current CompileTask:
C2:1525 2027       4       java.lang.invoke.MethodType::makeImpl (109 bytes)

Stack: [0x0000002e41f00000,0x0000002e42000000],  sp=0x0000002e41ffcc70,  free space=1011k
Native frames: (J=compiled Java code, j=interpreted, Vv=VM code, C=native code)
V  [jvm.dll+0x3b2031]  (no source info available)
V  [jvm.dll+0x1dc4f5]  (no source info available)
V  [jvm.dll+0x244ce5]  (no source info available)
V  [jvm.dll+0x243eff]  (no source info available)
V  [jvm.dll+0x1c34b0]  (no source info available)
V  [jvm.dll+0x253df1]  (no source info available)
V  [jvm.dll+0x2520aa]  (no source info available)
V  [jvm.dll+0x3ee226]  (no source info available)
V  [jvm.dll+0x8254cb]  (no source info available)
V  [jvm.dll+0x6df345]  (no source info available)
C  [ucrtbase.dll+0x14ea0]  (no source info available)
C  [KERNEL32.DLL+0x2e8d7]  (no source info available)
C  [ntdll.dll+0xdfbcc]  (no source info available)


siginfo: EXCEPTION_ACCESS_VIOLATION (0xc0000005), reading address 0x0000015f519bcedc


Registers:
RAX=0x00000000000024fd, RBX=0x0000000000001d6c, RCX=0x0000015f519bce40, RDX=0x0000000000000000
RSP=0x0000002e41ffcc70, RBP=0x0000000000000002, RSI=0x0000000000000025, RDI=0x0000000000000020
R8 =0x00000000000024c0, R9 =0x0000000000000025, R10=0x00000000000024fd, R11=0x0000000000000004
R12=0x0000000000000001, R13=0x0000000000000000, R14=0x0000002e41ffcdc0, R15=0x0000000000001d6c
RIP=0x00007ffaddb12031, EFLAGS=0x0000000000010202


Register to memory mapping:

RAX=0x00000000000024fd is an unknown value
RBX=0x0000000000001d6c is an unknown value
RCX=0x0000015f519bce40 is an unknown value
RDX=0x0 is null
RSP=0x0000002e41ffcc70 is pointing into the stack for thread: 0x0000015f073c18a0
RBP=0x0000000000000002 is an unknown value
RSI=0x0000000000000025 is an unknown value
RDI=0x0000000000000020 is an unknown value
R8 =0x00000000000024c0 is an unknown value
R9 =0x0000000000000025 is an unknown value
R10=0x00000000000024fd is an unknown value
R11=0x0000000000000004 is an unknown value
R12=0x0000000000000001 is an unknown value
R13=0x0 is null
R14=0x0000002e41ffcdc0 is pointing into the stack for thread: 0x0000015f073c18a0
R15=0x0000000000001d6c is an unknown value

Top of Stack: (sp=0x0000002e41ffcc70)
0x0000002e41ffcc70:   0000000000001d6c 0000000000000002
0x0000002e41ffcc80:   0000000000000025 0000002e41ffcdc0
0x0000002e41ffcc90:   0000000000000000 00000004000024fd
0x0000002e41ffcca0:   0000002500000025 0000015f4d9181e0
0x0000002e41ffccb0:   0000015f4e1d89f0 0000015f517ca3d0
0x0000002e41ffccc0:   0000015f074b6e80 0000000000000000
0x0000002e41ffccd0:   0000015f074b6e70 0000002e41ffd250
0x0000002e41ffcce0:   0000000000000001 00007ffadd93c4f5
0x0000002e41ffccf0:   0000002e41ffd170 0000002e41ffcdf0
0x0000002e41ffcd00:   0000015f074b7258 0000015f074b6e70
0x0000002e41ffcd10:   0000000000000000 000000000000c830
0x0000002e41ffcd20:   00000001de145607 0000015f074b6e70
0x0000002e41ffcd30:   0000015f4d914b50 0000015f4d919e40
0x0000002e41ffcd40:   0000015f4d91cb38 000000000090f258
0x0000002e41ffcd50:   0000015f074b6e80 0000000000000000
0x0000002e41ffcd60:   00007ffb4a6c0000 0000000000000000
0x0000002e41ffcd70:   000000000000c840 000000000000bc00
0x0000002e41ffcd80:   000000000000000e 00007ffade135848
0x0000002e41ffcd90:   0000000000000000 0000002e41ffe620
0x0000002e41ffcda0:   0000000000000000 00007ffade135848
0x0000002e41ffcdb0:   0000000000000000 3f9bf528c713a2ae
0x0000002e41ffcdc0:   0000015f0000000c 0000002e41ffe620
0x0000002e41ffcdd0:   0000015f516a4050 0000015f50335401
0x0000002e41ffcde0:   0000015f51826050 0000015f000024ac
0x0000002e41ffcdf0:   0000002e41ffcd20 0000015f074b6e80
0x0000002e41ffce00:   00007ffade135818 000000000000000d
0x0000002e41ffce10:   0000002e41ffe620 0000002e41ffd170
0x0000002e41ffce20:   0000015f0000320b 0000000000000000
0x0000002e41ffce30:   0000002e0000000a 0000002e41ffe620
0x0000002e41ffce40:   0000015f50a57d60 0000000000000000
0x0000002e41ffce50:   0000015f506d0090 0000015f4ffc0340
0x0000002e41ffce60:   0000015f4ffc4430 0000002e41ffd0d0 

Instructions: (pc=0x00007ffaddb12031)
0x00007ffaddb11f31:   89 58 08 48 89 68 10 48 89 70 18 48 89 78 e0 4c
0x00007ffaddb11f41:   89 60 d8 0f 1f 40 00 0f 1f 84 00 00 00 00 00 41
0x00007ffaddb11f51:   8b df 41 8b fd 4c 8d 04 9b 49 c1 e0 05 4d 03 46
0x00007ffaddb11f61:   10 45 39 28 0f 84 f6 00 00 00 49 8b 46 20 49 8b
0x00007ffaddb11f71:   d5 48 69 cb b0 00 00 00 41 bb 04 00 00 00 45 8b
0x00007ffaddb11f81:   d5 41 8b f5 0f b7 ac 01 9c 00 00 00 44 8b a4 01
0x00007ffaddb11f91:   a8 00 00 00 48 89 54 24 20 44 89 6c 24 28 4c 89
0x00007ffaddb11fa1:   5c 24 2c 45 39 28 75 0a 45 8b cd 44 89 6c 24 34
0x00007ffaddb11fb1:   eb 09 45 8b 48 04 44 89 4c 24 34 4c 89 6c 24 38
0x00007ffaddb11fc1:   49 8b 40 08 48 89 44 24 40 4c 89 44 24 48 90 48
0x00007ffaddb11fd1:   85 d2 74 1e 48 0f bc c2 8b c8 48 d3 ea 48 ff ca
0x00007ffaddb11fe1:   44 03 d0 48 89 54 24 20 44 89 54 24 28 41 8b c2
0x00007ffaddb11ff1:   eb 2d 41 83 fb 04 72 05 41 3b f1 73 63 48 8d 4c
0x00007ffaddb12001:   24 20 e8 a8 6c 00 00 44 8b 4c 24 34 44 8b 5c 24
0x00007ffaddb12011:   2c 44 8b 54 24 28 48 8b 54 24 20 8b 74 24 30 85
0x00007ffaddb12021:   c0 74 3d 8b c0 48 69 c8 b0 00 00 00 49 03 4e 20
0x00007ffaddb12031:   0f b7 81 9c 00 00 00 41 0f ba e4 0a 72 18 f7 81
0x00007ffaddb12041:   a8 00 00 00 00 04 00 00 75 0c 3b e8 0f 47 c5 03
0x00007ffaddb12051:   f8 e9 79 ff ff ff 0f af c5 03 f8 e9 6f ff ff ff
0x00007ffaddb12061:   b8 b0 00 00 00 41 ff c7 48 0f af d8 49 8b 46 20
0x00007ffaddb12071:   89 7c 03 34 45 3b 7e 28 0f 82 d1 fe ff ff 4c 8b
0x00007ffaddb12081:   64 24 50 48 8b 7c 24 58 48 8b b4 24 90 00 00 00
0x00007ffaddb12091:   48 8b ac 24 88 00 00 00 48 8b 9c 24 80 00 00 00
0x00007ffaddb120a1:   48 83 c4 60 41 5f 41 5e 41 5d c3 cc cc cc cc 48
0x00007ffaddb120b1:   8b c4 55 57 41 54 48 83 ec 50 45 33 e4 48 8b e9
0x00007ffaddb120c1:   41 8b fc 44 39 61 28 0f 86 62 01 00 00 48 89 58
0x00007ffaddb120d1:   08 48 89 70 10 4c 89 70 18 4c 89 78 20 4c 8d 3d
0x00007ffaddb120e1:   b3 a5 89 00 66 66 66 0f 1f 84 00 00 00 00 00 8b
0x00007ffaddb120f1:   f7 4c 8d 04 b6 49 c1 e0 05 4c 03 45 10 45 39 20
0x00007ffaddb12101:   0f 84 f7 00 00 00 44 89 64 24 28 49 8b d4 48 89
0x00007ffaddb12111:   54 24 20 44 8b f6 48 c7 44 24 2c 04 00 00 00 41
0x00007ffaddb12121:   83 e6 3f 41 8b 40 04 89 44 24 34 4c 89 64 24 38 


Stack slot to memory mapping:

stack at sp + 0 slots: 0x0000000000001d6c is an unknown value
stack at sp + 1 slots: 0x0000000000000002 is an unknown value
stack at sp + 2 slots: 0x0000000000000025 is an unknown value
stack at sp + 3 slots: 0x0000002e41ffcdc0 is pointing into the stack for thread: 0x0000015f073c18a0
stack at sp + 4 slots: 0x0 is null
stack at sp + 5 slots: 0x00000004000024fd is an unknown value
stack at sp + 6 slots: 0x0000002500000025 is an unknown value
stack at sp + 7 slots: 0x0000015f4d9181e0 points into unknown readable memory: 0x0000000000000000 | 00 00 00 00 00 00 00 00

Lock stack of current Java thread (top to bottom):


---------------  P R O C E S S  ---------------

Threads class SMR info:
_java_thread_list=0x0000015f4daea7c0, length=17, elements={
0x0000015f68604e60, 0x0000015f073b4410, 0x0000015f073b5c90, 0x0000015f073bbda0,
0x0000015f073bc800, 0x0000015f073beca0, 0x0000015f073c0b10, 0x0000015f073c18a0,
0x0000015f073c4ab0, 0x0000015f075157f0, 0x0000015f0763fa10, 0x0000015f077b1850,
0x0000015f079f0fe0, 0x0000015f4dda2c40, 0x0000015f4dbd7fb0, 0x0000015f4dbb72b0,
0x0000015f4dc8c130
}

Java Threads: ( => current thread )
  0x0000015f68604e60 JavaThread "main"                              [_thread_in_vm, id=14976, stack(0x0000002e41100000,0x0000002e41200000) (1024K)]
  0x0000015f073b4410 JavaThread "Reference Handler"          daemon [_thread_blocked, id=4212, stack(0x0000002e41900000,0x0000002e41a00000) (1024K)]
  0x0000015f073b5c90 JavaThread "Finalizer"                  daemon [_thread_blocked, id=11952, stack(0x0000002e41a00000,0x0000002e41b00000) (1024K)]
  0x0000015f073bbda0 JavaThread "Signal Dispatcher"          daemon [_thread_blocked, id=12900, stack(0x0000002e41b00000,0x0000002e41c00000) (1024K)]
  0x0000015f073bc800 JavaThread "Attach Listener"            daemon [_thread_blocked, id=11248, stack(0x0000002e41c00000,0x0000002e41d00000) (1024K)]
  0x0000015f073beca0 JavaThread "Service Thread"             daemon [_thread_blocked, id=6892, stack(0x0000002e41d00000,0x0000002e41e00000) (1024K)]
  0x0000015f073c0b10 JavaThread "Monitor Deflation Thread"   daemon [_thread_blocked, id=8448, stack(0x0000002e41e00000,0x0000002e41f00000) (1024K)]
=>0x0000015f073c18a0 JavaThread "C2 CompilerThread0"         daemon [_thread_in_native, id=6316, stack(0x0000002e41f00000,0x0000002e42000000) (1024K)]
  0x0000015f073c4ab0 JavaThread "C1 CompilerThread0"         daemon [_thread_blocked, id=1260, stack(0x0000002e42000000,0x0000002e42100000) (1024K)]
  0x0000015f075157f0 JavaThread "Common-Cleaner"             daemon [_thread_blocked, id=2744, stack(0x0000002e42100000,0x0000002e42200000) (1024K)]
  0x0000015f0763fa10 JavaThread "Monitor Ctrl-Break"         daemon [_thread_in_native, id=14560, stack(0x0000002e42200000,0x0000002e42300000) (1024K)]
  0x0000015f077b1850 JavaThread "Notification Thread"        daemon [_thread_blocked, id=9936, stack(0x0000002e42300000,0x0000002e42400000) (1024K)]
  0x0000015f079f0fe0 JavaThread "C2 CompilerThread1"         daemon [_thread_in_native, id=2976, stack(0x0000002e42400000,0x0000002e42500000) (1024K)]
  0x0000015f4dda2c40 JavaThread "RMI TCP Accept-0"           daemon [_thread_in_native, id=8076, stack(0x0000002e42800000,0x0000002e42900000) (1024K)]
  0x0000015f4dbd7fb0 JavaThread "RMI TCP Connection(1)-192.168.1.2" daemon [_thread_in_native, id=11396, stack(0x0000002e42900000,0x0000002e42a00000) (1024K)]
  0x0000015f4dbb72b0 JavaThread "RMI Scheduler(0)"           daemon [_thread_blocked, id=12848, stack(0x0000002e42a00000,0x0000002e42b00000) (1024K)]
  0x0000015f4dc8c130 JavaThread "JMX server connection timeout 28" daemon [_thread_blocked, id=13208, stack(0x0000002e42b00000,0x0000002e42c00000) (1024K)]
Total: 17

Other Threads:
  0x0000015f0739a5b0 VMThread "VM Thread"                           [id=948, stack(0x0000002e41800000,0x0000002e41900000) (1024K)]
  0x0000015f0737e6c0 WatcherThread "VM Periodic Task Thread"        [id=7800, stack(0x0000002e41700000,0x0000002e41800000) (1024K)]
  0x0000015f6861d780 WorkerThread "GC Thread#0"                     [id=14088, stack(0x0000002e41200000,0x0000002e41300000) (1024K)]
  0x0000015f07b36130 WorkerThread "GC Thread#1"                     [id=5800, stack(0x0000002e42500000,0x0000002e42600000) (1024K)]
  0x0000015f07b364e0 WorkerThread "GC Thread#2"                     [id=8212, stack(0x0000002e42600000,0x0000002e42700000) (1024K)]
  0x0000015f07b359d0 WorkerThread "GC Thread#3"                     [id=12300, stack(0x0000002e42700000,0x0000002e42800000) (1024K)]
  0x0000015f68683df0 ConcurrentGCThread "G1 Main Marker"            [id=10880, stack(0x0000002e41300000,0x0000002e41400000) (1024K)]
  0x0000015f686857c0 WorkerThread "G1 Conc#0"                       [id=6696, stack(0x0000002e41400000,0x0000002e41500000) (1024K)]
  0x0000015f072425f0 ConcurrentGCThread "G1 Refine#0"               [id=13444, stack(0x0000002e41500000,0x0000002e41600000) (1024K)]
  0x0000015f07243080 ConcurrentGCThread "G1 Service"                [id=15116, stack(0x0000002e41600000,0x0000002e41700000) (1024K)]
Total: 10

Threads with active compile tasks:
C2 CompilerThread0  1741 2027       4       java.lang.invoke.MethodType::makeImpl (109 bytes)
C2 CompilerThread1  1741 2448       4       jdk.internal.loader.URLClassPath::getResource (74 bytes)
Total: 2

VM state: not at safepoint (normal execution)

VM Mutex/Monitor currently owned by a thread: None

Heap address: 0x0000000701000000, size: 4080 MB, Compressed Oops mode: Zero based, Oop shift amount: 3

CDS archive(s) mapped at: [0x0000015f08000000-0x0000015f08d70000-0x0000015f08d70000), size 14090240, SharedBaseAddress: 0x0000015f08000000, ArchiveRelocationMode: 1.
Compressed class space mapped at: 0x0000015f09000000-0x0000015f49000000, reserved size: 1073741824
Narrow klass base: 0x0000015f08000000, Narrow klass shift: 0, Narrow klass range: 0x41000000

GC Precious Log:
 CardTable entry size: 512
 Card Set container configuration: InlinePtr #cards 4 size 8 Array Of Cards #cards 16 size 48 Howl #buckets 8 coarsen threshold 3686 Howl Bitmap #cards 512 size 80 coarsen threshold 460 Card regions per heap region 1 cards per card region 4096
 CPUs: 4 total, 4 available
 Memory: 16317M
 Large Page Support: Disabled
 NUMA Support: Disabled
 Compressed Oops: Enabled (Zero based)
 Heap Region Size: 2M
 Heap Min Capacity: 8M
 Heap Initial Capacity: 256M
 Heap Max Capacity: 4080M
 Pre-touch: Disabled
 Parallel Workers: 4
 Concurrent Workers: 1
 Concurrent Refinement Workers: 4
 Periodic GC: Disabled

Heap:
 garbage-first heap   total reserved 4177920K, committed 262144K, used 31773K [0x0000000701000000, 0x0000000800000000)
  region size 2048K, 13 young (26624K), 2 survivors (4096K)
 Metaspace       used 19167K, committed 19456K, reserved 1114112K
  class space    used 2347K, committed 2496K, reserved 1048576K

Heap Regions: E=young(eden), S=young(survivor), O=old, HS=humongous(starts), HC=humongous(continues), CS=collection set, F=free, TAMS=top-at-mark-start, PB=parsable bottom
|   0|0x0000000701000000, 0x0000000701200000, 0x0000000701200000|100%| O|  |TAMS 0x0000000701000000| PB 0x0000000701000000| Untracked |  0
|   1|0x0000000701200000, 0x0000000701400000, 0x0000000701400000|100%| O|  |TAMS 0x0000000701200000| PB 0x0000000701200000| Untracked |  0
|   2|0x0000000701400000, 0x0000000701600000, 0x0000000701600000|100%| O|  |TAMS 0x0000000701400000| PB 0x0000000701400000| Untracked |  0
|   3|0x0000000701600000, 0x0000000701789500, 0x0000000701800000| 76%| O|  |TAMS 0x0000000701600000| PB 0x0000000701600000| Untracked |  0
|   4|0x0000000701800000, 0x0000000701800000, 0x0000000701a00000|  0%| F|  |TAMS 0x0000000701800000| PB 0x0000000701800000| Untracked |  0
|   5|0x0000000701a00000, 0x0000000701a00000, 0x0000000701c00000|  0%| F|  |TAMS 0x0000000701a00000| PB 0x0000000701a00000| Untracked |  0
|   6|0x0000000701c00000, 0x0000000701c00000, 0x0000000701e00000|  0%| F|  |TAMS 0x0000000701c00000| PB 0x0000000701c00000| Untracked |  0
|   7|0x0000000701e00000, 0x0000000701e00000, 0x0000000702000000|  0%| F|  |TAMS 0x0000000701e00000| PB 0x0000000701e00000| Untracked |  0
|   8|0x0000000702000000, 0x0000000702000000, 0x0000000702200000|  0%| F|  |TAMS 0x0000000702000000| PB 0x0000000702000000| Untracked |  0
|   9|0x0000000702200000, 0x0000000702200000, 0x0000000702400000|  0%| F|  |TAMS 0x0000000702200000| PB 0x0000000702200000| Untracked |  0
|  10|0x0000000702400000, 0x0000000702400000, 0x0000000702600000|  0%| F|  |TAMS 0x0000000702400000| PB 0x0000000702400000| Untracked |  0
|  11|0x0000000702600000, 0x0000000702600000, 0x0000000702800000|  0%| F|  |TAMS 0x0000000702600000| PB 0x0000000702600000| Untracked |  0
|  12|0x0000000702800000, 0x0000000702800000, 0x0000000702a00000|  0%| F|  |TAMS 0x0000000702800000| PB 0x0000000702800000| Untracked |  0
|  13|0x0000000702a00000, 0x0000000702a00000, 0x0000000702c00000|  0%| F|  |TAMS 0x0000000702a00000| PB 0x0000000702a00000| Untracked |  0
|  14|0x0000000702c00000, 0x0000000702c00000, 0x0000000702e00000|  0%| F|  |TAMS 0x0000000702c00000| PB 0x0000000702c00000| Untracked |  0
|  15|0x0000000702e00000, 0x0000000702e00000, 0x0000000703000000|  0%| F|  |TAMS 0x0000000702e00000| PB 0x0000000702e00000| Untracked |  0
|  16|0x0000000703000000, 0x0000000703000000, 0x0000000703200000|  0%| F|  |TAMS 0x0000000703000000| PB 0x0000000703000000| Untracked |  0
|  17|0x0000000703200000, 0x0000000703200000, 0x0000000703400000|  0%| F|  |TAMS 0x0000000703200000| PB 0x0000000703200000| Untracked |  0
|  18|0x0000000703400000, 0x0000000703400000, 0x0000000703600000|  0%| F|  |TAMS 0x0000000703400000| PB 0x0000000703400000| Untracked |  0
|  19|0x0000000703600000, 0x0000000703600000, 0x0000000703800000|  0%| F|  |TAMS 0x0000000703600000| PB 0x0000000703600000| Untracked |  0
|  20|0x0000000703800000, 0x0000000703800000, 0x0000000703a00000|  0%| F|  |TAMS 0x0000000703800000| PB 0x0000000703800000| Untracked |  0
|  21|0x0000000703a00000, 0x0000000703a00000, 0x0000000703c00000|  0%| F|  |TAMS 0x0000000703a00000| PB 0x0000000703a00000| Untracked |  0
|  22|0x0000000703c00000, 0x0000000703c00000, 0x0000000703e00000|  0%| F|  |TAMS 0x0000000703c00000| PB 0x0000000703c00000| Untracked |  0
|  23|0x0000000703e00000, 0x0000000703e00000, 0x0000000704000000|  0%| F|  |TAMS 0x0000000703e00000| PB 0x0000000703e00000| Untracked |  0
|  24|0x0000000704000000, 0x0000000704000000, 0x0000000704200000|  0%| F|  |TAMS 0x0000000704000000| PB 0x0000000704000000| Untracked |  0
|  25|0x0000000704200000, 0x0000000704200000, 0x0000000704400000|  0%| F|  |TAMS 0x0000000704200000| PB 0x0000000704200000| Untracked |  0
|  26|0x0000000704400000, 0x0000000704400000, 0x0000000704600000|  0%| F|  |TAMS 0x0000000704400000| PB 0x0000000704400000| Untracked |  0
|  27|0x0000000704600000, 0x0000000704600000, 0x0000000704800000|  0%| F|  |TAMS 0x0000000704600000| PB 0x0000000704600000| Untracked |  0
|  28|0x0000000704800000, 0x0000000704800000, 0x0000000704a00000|  0%| F|  |TAMS 0x0000000704800000| PB 0x0000000704800000| Untracked |  0
|  29|0x0000000704a00000, 0x0000000704a00000, 0x0000000704c00000|  0%| F|  |TAMS 0x0000000704a00000| PB 0x0000000704a00000| Untracked |  0
|  30|0x0000000704c00000, 0x0000000704c00000, 0x0000000704e00000|  0%| F|  |TAMS 0x0000000704c00000| PB 0x0000000704c00000| Untracked |  0
|  31|0x0000000704e00000, 0x0000000704e00000, 0x0000000705000000|  0%| F|  |TAMS 0x0000000704e00000| PB 0x0000000704e00000| Untracked |  0
|  32|0x0000000705000000, 0x0000000705000000, 0x0000000705200000|  0%| F|  |TAMS 0x0000000705000000| PB 0x0000000705000000| Untracked |  0
|  33|0x0000000705200000, 0x0000000705200000, 0x0000000705400000|  0%| F|  |TAMS 0x0000000705200000| PB 0x0000000705200000| Untracked |  0
|  34|0x0000000705400000, 0x0000000705400000, 0x0000000705600000|  0%| F|  |TAMS 0x0000000705400000| PB 0x0000000705400000| Untracked |  0
|  35|0x0000000705600000, 0x0000000705600000, 0x0000000705800000|  0%| F|  |TAMS 0x0000000705600000| PB 0x0000000705600000| Untracked |  0
|  36|0x0000000705800000, 0x0000000705800000, 0x0000000705a00000|  0%| F|  |TAMS 0x0000000705800000| PB 0x0000000705800000| Untracked |  0
|  37|0x0000000705a00000, 0x0000000705a00000, 0x0000000705c00000|  0%| F|  |TAMS 0x0000000705a00000| PB 0x0000000705a00000| Untracked |  0
|  38|0x0000000705c00000, 0x0000000705c00000, 0x0000000705e00000|  0%| F|  |TAMS 0x0000000705c00000| PB 0x0000000705c00000| Untracked |  0
|  39|0x0000000705e00000, 0x0000000705e00000, 0x0000000706000000|  0%| F|  |TAMS 0x0000000705e00000| PB 0x0000000705e00000| Untracked |  0
|  40|0x0000000706000000, 0x0000000706000000, 0x0000000706200000|  0%| F|  |TAMS 0x0000000706000000| PB 0x0000000706000000| Untracked |  0
|  41|0x0000000706200000, 0x0000000706200000, 0x0000000706400000|  0%| F|  |TAMS 0x0000000706200000| PB 0x0000000706200000| Untracked |  0
|  42|0x0000000706400000, 0x0000000706400000, 0x0000000706600000|  0%| F|  |TAMS 0x0000000706400000| PB 0x0000000706400000| Untracked |  0
|  43|0x0000000706600000, 0x0000000706600000, 0x0000000706800000|  0%| F|  |TAMS 0x0000000706600000| PB 0x0000000706600000| Untracked |  0
|  44|0x0000000706800000, 0x0000000706800000, 0x0000000706a00000|  0%| F|  |TAMS 0x0000000706800000| PB 0x0000000706800000| Untracked |  0
|  45|0x0000000706a00000, 0x0000000706a00000, 0x0000000706c00000|  0%| F|  |TAMS 0x0000000706a00000| PB 0x0000000706a00000| Untracked |  0
|  46|0x0000000706c00000, 0x0000000706c00000, 0x0000000706e00000|  0%| F|  |TAMS 0x0000000706c00000| PB 0x0000000706c00000| Untracked |  0
|  47|0x0000000706e00000, 0x0000000706e00000, 0x0000000707000000|  0%| F|  |TAMS 0x0000000706e00000| PB 0x0000000706e00000| Untracked |  0
|  48|0x0000000707000000, 0x0000000707000000, 0x0000000707200000|  0%| F|  |TAMS 0x0000000707000000| PB 0x0000000707000000| Untracked |  0
|  49|0x0000000707200000, 0x0000000707200000, 0x0000000707400000|  0%| F|  |TAMS 0x0000000707200000| PB 0x0000000707200000| Untracked |  0
|  50|0x0000000707400000, 0x0000000707400000, 0x0000000707600000|  0%| F|  |TAMS 0x0000000707400000| PB 0x0000000707400000| Untracked |  0
|  51|0x0000000707600000, 0x0000000707600000, 0x0000000707800000|  0%| F|  |TAMS 0x0000000707600000| PB 0x0000000707600000| Untracked |  0
|  52|0x0000000707800000, 0x0000000707800000, 0x0000000707a00000|  0%| F|  |TAMS 0x0000000707800000| PB 0x0000000707800000| Untracked |  0
|  53|0x0000000707a00000, 0x0000000707a00000, 0x0000000707c00000|  0%| F|  |TAMS 0x0000000707a00000| PB 0x0000000707a00000| Untracked |  0
|  54|0x0000000707c00000, 0x0000000707c00000, 0x0000000707e00000|  0%| F|  |TAMS 0x0000000707c00000| PB 0x0000000707c00000| Untracked |  0
|  55|0x0000000707e00000, 0x0000000707e00000, 0x0000000708000000|  0%| F|  |TAMS 0x0000000707e00000| PB 0x0000000707e00000| Untracked |  0
|  56|0x0000000708000000, 0x0000000708000000, 0x0000000708200000|  0%| F|  |TAMS 0x0000000708000000| PB 0x0000000708000000| Untracked |  0
|  57|0x0000000708200000, 0x0000000708200000, 0x0000000708400000|  0%| F|  |TAMS 0x0000000708200000| PB 0x0000000708200000| Untracked |  0
|  58|0x0000000708400000, 0x0000000708400000, 0x0000000708600000|  0%| F|  |TAMS 0x0000000708400000| PB 0x0000000708400000| Untracked |  0
|  59|0x0000000708600000, 0x0000000708600000, 0x0000000708800000|  0%| F|  |TAMS 0x0000000708600000| PB 0x0000000708600000| Untracked |  0
|  60|0x0000000708800000, 0x0000000708800000, 0x0000000708a00000|  0%| F|  |TAMS 0x0000000708800000| PB 0x0000000708800000| Untracked |  0
|  61|0x0000000708a00000, 0x0000000708a00000, 0x0000000708c00000|  0%| F|  |TAMS 0x0000000708a00000| PB 0x0000000708a00000| Untracked |  0
|  62|0x0000000708c00000, 0x0000000708c00000, 0x0000000708e00000|  0%| F|  |TAMS 0x0000000708c00000| PB 0x0000000708c00000| Untracked |  0
|  63|0x0000000708e00000, 0x0000000708e00000, 0x0000000709000000|  0%| F|  |TAMS 0x0000000708e00000| PB 0x0000000708e00000| Untracked |  0
|  64|0x0000000709000000, 0x0000000709000000, 0x0000000709200000|  0%| F|  |TAMS 0x0000000709000000| PB 0x0000000709000000| Untracked |  0
|  65|0x0000000709200000, 0x0000000709200000, 0x0000000709400000|  0%| F|  |TAMS 0x0000000709200000| PB 0x0000000709200000| Untracked |  0
|  66|0x0000000709400000, 0x0000000709400000, 0x0000000709600000|  0%| F|  |TAMS 0x0000000709400000| PB 0x0000000709400000| Untracked |  0
|  67|0x0000000709600000, 0x0000000709600000, 0x0000000709800000|  0%| F|  |TAMS 0x0000000709600000| PB 0x0000000709600000| Untracked |  0
|  68|0x0000000709800000, 0x0000000709800000, 0x0000000709a00000|  0%| F|  |TAMS 0x0000000709800000| PB 0x0000000709800000| Untracked |  0
|  69|0x0000000709a00000, 0x0000000709a00000, 0x0000000709c00000|  0%| F|  |TAMS 0x0000000709a00000| PB 0x0000000709a00000| Untracked |  0
|  70|0x0000000709c00000, 0x0000000709c00000, 0x0000000709e00000|  0%| F|  |TAMS 0x0000000709c00000| PB 0x0000000709c00000| Untracked |  0
|  71|0x0000000709e00000, 0x0000000709e00000, 0x000000070a000000|  0%| F|  |TAMS 0x0000000709e00000| PB 0x0000000709e00000| Untracked |  0
|  72|0x000000070a000000, 0x000000070a000000, 0x000000070a200000|  0%| F|  |TAMS 0x000000070a000000| PB 0x000000070a000000| Untracked |  0
|  73|0x000000070a200000, 0x000000070a200000, 0x000000070a400000|  0%| F|  |TAMS 0x000000070a200000| PB 0x000000070a200000| Untracked |  0
|  74|0x000000070a400000, 0x000000070a400000, 0x000000070a600000|  0%| F|  |TAMS 0x000000070a400000| PB 0x000000070a400000| Untracked |  0
|  75|0x000000070a600000, 0x000000070a600000, 0x000000070a800000|  0%| F|  |TAMS 0x000000070a600000| PB 0x000000070a600000| Untracked |  0
|  76|0x000000070a800000, 0x000000070a800000, 0x000000070aa00000|  0%| F|  |TAMS 0x000000070a800000| PB 0x000000070a800000| Untracked |  0
|  77|0x000000070aa00000, 0x000000070aa00000, 0x000000070ac00000|  0%| F|  |TAMS 0x000000070aa00000| PB 0x000000070aa00000| Untracked |  0
|  78|0x000000070ac00000, 0x000000070ac00000, 0x000000070ae00000|  0%| F|  |TAMS 0x000000070ac00000| PB 0x000000070ac00000| Untracked |  0
|  79|0x000000070ae00000, 0x000000070ae00000, 0x000000070b000000|  0%| F|  |TAMS 0x000000070ae00000| PB 0x000000070ae00000| Untracked |  0
|  80|0x000000070b000000, 0x000000070b000000, 0x000000070b200000|  0%| F|  |TAMS 0x000000070b000000| PB 0x000000070b000000| Untracked |  0
|  81|0x000000070b200000, 0x000000070b200000, 0x000000070b400000|  0%| F|  |TAMS 0x000000070b200000| PB 0x000000070b200000| Untracked |  0
|  82|0x000000070b400000, 0x000000070b400000, 0x000000070b600000|  0%| F|  |TAMS 0x000000070b400000| PB 0x000000070b400000| Untracked |  0
|  83|0x000000070b600000, 0x000000070b600000, 0x000000070b800000|  0%| F|  |TAMS 0x000000070b600000| PB 0x000000070b600000| Untracked |  0
|  84|0x000000070b800000, 0x000000070b800000, 0x000000070ba00000|  0%| F|  |TAMS 0x000000070b800000| PB 0x000000070b800000| Untracked |  0
|  85|0x000000070ba00000, 0x000000070ba00000, 0x000000070bc00000|  0%| F|  |TAMS 0x000000070ba00000| PB 0x000000070ba00000| Untracked |  0
|  86|0x000000070bc00000, 0x000000070bc00000, 0x000000070be00000|  0%| F|  |TAMS 0x000000070bc00000| PB 0x000000070bc00000| Untracked |  0
|  87|0x000000070be00000, 0x000000070be00000, 0x000000070c000000|  0%| F|  |TAMS 0x000000070be00000| PB 0x000000070be00000| Untracked |  0
|  88|0x000000070c000000, 0x000000070c000000, 0x000000070c200000|  0%| F|  |TAMS 0x000000070c000000| PB 0x000000070c000000| Untracked |  0
|  89|0x000000070c200000, 0x000000070c200000, 0x000000070c400000|  0%| F|  |TAMS 0x000000070c200000| PB 0x000000070c200000| Untracked |  0
|  90|0x000000070c400000, 0x000000070c400000, 0x000000070c600000|  0%| F|  |TAMS 0x000000070c400000| PB 0x000000070c400000| Untracked |  0
|  91|0x000000070c600000, 0x000000070c600000, 0x000000070c800000|  0%| F|  |TAMS 0x000000070c600000| PB 0x000000070c600000| Untracked |  0
|  92|0x000000070c800000, 0x000000070c800000, 0x000000070ca00000|  0%| F|  |TAMS 0x000000070c800000| PB 0x000000070c800000| Untracked |  0
|  93|0x000000070ca00000, 0x000000070ca00000, 0x000000070cc00000|  0%| F|  |TAMS 0x000000070ca00000| PB 0x000000070ca00000| Untracked |  0
|  94|0x000000070cc00000, 0x000000070cc00000, 0x000000070ce00000|  0%| F|  |TAMS 0x000000070cc00000| PB 0x000000070cc00000| Untracked |  0
|  95|0x000000070ce00000, 0x000000070ce00000, 0x000000070d000000|  0%| F|  |TAMS 0x000000070ce00000| PB 0x000000070ce00000| Untracked |  0
|  96|0x000000070d000000, 0x000000070d000000, 0x000000070d200000|  0%| F|  |TAMS 0x000000070d000000| PB 0x000000070d000000| Untracked |  0
|  97|0x000000070d200000, 0x000000070d200000, 0x000000070d400000|  0%| F|  |TAMS 0x000000070d200000| PB 0x000000070d200000| Untracked |  0
|  98|0x000000070d400000, 0x000000070d400000, 0x000000070d600000|  0%| F|  |TAMS 0x000000070d400000| PB 0x000000070d400000| Untracked |  0
|  99|0x000000070d600000, 0x000000070d600000, 0x000000070d800000|  0%| F|  |TAMS 0x000000070d600000| PB 0x000000070d600000| Untracked |  0
| 100|0x000000070d800000, 0x000000070d800000, 0x000000070da00000|  0%| F|  |TAMS 0x000000070d800000| PB 0x000000070d800000| Untracked |  0
| 101|0x000000070da00000, 0x000000070da00000, 0x000000070dc00000|  0%| F|  |TAMS 0x000000070da00000| PB 0x000000070da00000| Untracked |  0
| 102|0x000000070dc00000, 0x000000070dc00000, 0x000000070de00000|  0%| F|  |TAMS 0x000000070dc00000| PB 0x000000070dc00000| Untracked |  0
| 103|0x000000070de00000, 0x000000070de00000, 0x000000070e000000|  0%| F|  |TAMS 0x000000070de00000| PB 0x000000070de00000| Untracked |  0
| 104|0x000000070e000000, 0x000000070e000000, 0x000000070e200000|  0%| F|  |TAMS 0x000000070e000000| PB 0x000000070e000000| Untracked |  0
| 105|0x000000070e200000, 0x000000070e200000, 0x000000070e400000|  0%| F|  |TAMS 0x000000070e200000| PB 0x000000070e200000| Untracked |  0
| 106|0x000000070e400000, 0x000000070e400000, 0x000000070e600000|  0%| F|  |TAMS 0x000000070e400000| PB 0x000000070e400000| Untracked |  0
| 107|0x000000070e600000, 0x000000070e600000, 0x000000070e800000|  0%| F|  |TAMS 0x000000070e600000| PB 0x000000070e600000| Untracked |  0
| 108|0x000000070e800000, 0x000000070e800000, 0x000000070ea00000|  0%| F|  |TAMS 0x000000070e800000| PB 0x000000070e800000| Untracked |  0
| 109|0x000000070ea00000, 0x000000070ea00000, 0x000000070ec00000|  0%| F|  |TAMS 0x000000070ea00000| PB 0x000000070ea00000| Untracked |  0
| 110|0x000000070ec00000, 0x000000070ec00000, 0x000000070ee00000|  0%| F|  |TAMS 0x000000070ec00000| PB 0x000000070ec00000| Untracked |  0
| 111|0x000000070ee00000, 0x000000070ee00000, 0x000000070f000000|  0%| F|  |TAMS 0x000000070ee00000| PB 0x000000070ee00000| Untracked |  0
| 112|0x000000070f000000, 0x000000070f000000, 0x000000070f200000|  0%| F|  |TAMS 0x000000070f000000| PB 0x000000070f000000| Untracked |  0
| 113|0x000000070f200000, 0x000000070f37df00, 0x000000070f400000| 74%| S|CS|TAMS 0x000000070f200000| PB 0x000000070f200000| Complete |  0
| 114|0x000000070f400000, 0x000000070f600000, 0x000000070f600000|100%| S|CS|TAMS 0x000000070f400000| PB 0x000000070f400000| Complete |  0
| 115|0x000000070f600000, 0x000000070f600000, 0x000000070f800000|  0%| F|  |TAMS 0x000000070f600000| PB 0x000000070f600000| Untracked |  0
| 116|0x000000070f800000, 0x000000070f800000, 0x000000070fa00000|  0%| F|  |TAMS 0x000000070f800000| PB 0x000000070f800000| Untracked |  0
| 117|0x000000070fa00000, 0x000000070fa98418, 0x000000070fc00000| 29%| E|  |TAMS 0x000000070fa00000| PB 0x000000070fa00000| Complete |  0
| 118|0x000000070fc00000, 0x000000070fe00000, 0x000000070fe00000|100%| E|CS|TAMS 0x000000070fc00000| PB 0x000000070fc00000| Complete |  0
| 119|0x000000070fe00000, 0x0000000710000000, 0x0000000710000000|100%| E|CS|TAMS 0x000000070fe00000| PB 0x000000070fe00000| Complete |  0
| 120|0x0000000710000000, 0x0000000710200000, 0x0000000710200000|100%| E|CS|TAMS 0x0000000710000000| PB 0x0000000710000000| Complete |  0
| 121|0x0000000710200000, 0x0000000710400000, 0x0000000710400000|100%| E|CS|TAMS 0x0000000710200000| PB 0x0000000710200000| Complete |  0
| 122|0x0000000710400000, 0x0000000710600000, 0x0000000710600000|100%| E|CS|TAMS 0x0000000710400000| PB 0x0000000710400000| Complete |  0
| 123|0x0000000710600000, 0x0000000710800000, 0x0000000710800000|100%| E|CS|TAMS 0x0000000710600000| PB 0x0000000710600000| Complete |  0
| 124|0x0000000710800000, 0x0000000710a00000, 0x0000000710a00000|100%| E|CS|TAMS 0x0000000710800000| PB 0x0000000710800000| Complete |  0
| 125|0x0000000710a00000, 0x0000000710c00000, 0x0000000710c00000|100%| E|CS|TAMS 0x0000000710a00000| PB 0x0000000710a00000| Complete |  0
| 126|0x0000000710c00000, 0x0000000710e00000, 0x0000000710e00000|100%| E|CS|TAMS 0x0000000710c00000| PB 0x0000000710c00000| Complete |  0
| 127|0x0000000710e00000, 0x0000000711000000, 0x0000000711000000|100%| E|CS|TAMS 0x0000000710e00000| PB 0x0000000710e00000| Complete |  0

Card table byte_map: [0x0000015f00800000,0x0000015f01000000] _byte_map_base: 0x0000015efcff8000

Marking Bits: (CMBitMap*) 0x0000015f6866e770
 Bits: [0x0000015f01000000, 0x0000015f04fc0000)

Polling page: 0x0000015f67bb0000

Metaspace:

Usage:
  Non-class:     16.47 MB used.
      Class:      2.30 MB used.
       Both:     18.76 MB used.

Virtual space:
  Non-class space:       64.00 MB reserved,      16.62 MB ( 26%) committed,  1 nodes.
      Class space:        1.00 GB reserved,       2.44 MB ( <1%) committed,  1 nodes.
             Both:        1.06 GB reserved,      19.06 MB (  2%) committed. 

Chunk freelists:
   Non-Class:  15.28 MB
       Class:  13.47 MB
        Both:  28.75 MB

MaxMetaspaceSize: unlimited
CompressedClassSpaceSize: 1.00 GB
Initial GC threshold: 21.00 MB
Current GC threshold: 21.00 MB
CDS: on
 - commit_granule_bytes: 65536.
 - commit_granule_words: 8192.
 - virtual_space_node_default_size: 8388608.
 - enlarge_chunks_in_place: 1.
 - use_allocation_guard: 0.


Internal statistics:

num_allocs_failed_limit: 0.
num_arena_births: 354.
num_arena_deaths: 0.
num_vsnodes_births: 2.
num_vsnodes_deaths: 0.
num_space_committed: 305.
num_space_uncommitted: 0.
num_chunks_returned_to_freelist: 0.
num_chunks_taken_from_freelist: 771.
num_chunk_merges: 0.
num_chunk_splits: 447.
num_chunks_enlarged: 277.
num_inconsistent_stats: 0.

CodeHeap 'non-profiled nmethods': size=120064Kb used=792Kb max_used=792Kb free=119271Kb
 bounds [0x0000015f787e0000, 0x0000015f78a50000, 0x0000015f7fd20000]
CodeHeap 'profiled nmethods': size=120000Kb used=3531Kb max_used=3531Kb free=116468Kb
 bounds [0x0000015f70d20000, 0x0000015f710a0000, 0x0000015f78250000]
CodeHeap 'non-nmethods': size=5696Kb used=1460Kb max_used=1540Kb free=4235Kb
 bounds [0x0000015f78250000, 0x0000015f784c0000, 0x0000015f787e0000]
CodeCache: size=245760Kb, used=5783Kb, max_used=5863Kb, free=239974Kb
 total_blobs=2997, nmethods=2445, adapters=457, full_count=0
Compilation: enabled, stopped_count=0, restarted_count=0

Compilation events (20 events):
Event: 1.507 Thread 0x0000015f073c4ab0 2362       3       java.util.stream.StreamOpFlag::fromCharacteristics (37 bytes)
Event: 1.508 Thread 0x0000015f073c4ab0 nmethod 2362 0x0000015f71078b88 code [0x0000015f71078cc0, 0x0000015f71078fd8]
Event: 1.508 Thread 0x0000015f073c4ab0 2358       3       java.io.ObjectStreamField::getSignature (39 bytes)
Event: 1.508 Thread 0x0000015f073c4ab0 nmethod 2358 0x0000015f71079008 code [0x0000015f71079140, 0x0000015f710793c8]
Event: 1.508 Thread 0x0000015f073c4ab0 2359       1       java.util.stream.Collectors$CollectorImpl::supplier (5 bytes)
Event: 1.508 Thread 0x0000015f073c4ab0 nmethod 2359 0x0000015f78890c08 code [0x0000015f78890d20, 0x0000015f78890df0]
Event: 1.508 Thread 0x0000015f073c4ab0 2360       1       java.util.stream.Collectors$CollectorImpl::accumulator (5 bytes)
Event: 1.508 Thread 0x0000015f073c4ab0 nmethod 2360 0x0000015f78890f08 code [0x0000015f78891020, 0x0000015f788910f0]
Event: 1.508 Thread 0x0000015f073c4ab0 2361       1       java.util.stream.Collectors$CollectorImpl::combiner (5 bytes)
Event: 1.508 Thread 0x0000015f073c4ab0 nmethod 2361 0x0000015f78891208 code [0x0000015f78891320, 0x0000015f788913f0]
Event: 1.508 Thread 0x0000015f073c4ab0 2363       3       java.io.ObjectStreamClass::requireInitialized (19 bytes)
Event: 1.508 Thread 0x0000015f073c4ab0 nmethod 2363 0x0000015f71079408 code [0x0000015f71079540, 0x0000015f71079748]
Event: 1.508 Thread 0x0000015f073c4ab0 2364       3       java.lang.StrictMath::ceil (10 bytes)
Event: 1.509 Thread 0x0000015f073c4ab0 nmethod 2364 0x0000015f71079788 code [0x0000015f710798e0, 0x0000015f71079a10]
Event: 1.509 Thread 0x0000015f073c4ab0 2365       1       java.lang.reflect.Field::getType (5 bytes)
Event: 1.509 Thread 0x0000015f073c4ab0 nmethod 2365 0x0000015f78891508 code [0x0000015f78891620, 0x0000015f788916f0]
Event: 1.510 Thread 0x0000015f073c4ab0 2366       3       java.io.ObjectStreamField::getTypeCode (9 bytes)
Event: 1.510 Thread 0x0000015f073c4ab0 nmethod 2366 0x0000015f71079a88 code [0x0000015f71079c00, 0x0000015f7107a1c8]
Event: 1.510 Thread 0x0000015f073c4ab0 2367       3       sun.reflect.generics.parser.SignatureParser::parseFieldTypeSignature (6 bytes)
Event: 1.510 Thread 0x0000015f073c4ab0 nmethod 2367 0x0000015f7107a288 code [0x0000015f7107a3a0, 0x0000015f7107a4e0]

GC Heap History (6 events):
Event: 0.393 GC heap before
{Heap before GC invocations=0 (full 0):
 garbage-first heap   total reserved 4177920K, committed 262144K, used 12288K [0x0000000701000000, 0x0000000800000000)
  region size 2048K, 7 young (14336K), 0 survivors (0K)
 Metaspace       used 3088K, committed 3200K, reserved 1114112K
  class space    used 265K, committed 320K, reserved 1048576K
}
Event: 0.398 GC heap after
{Heap after GC invocations=1 (full 0):
 garbage-first heap   total reserved 4177920K, committed 262144K, used 7594K [0x0000000701000000, 0x0000000800000000)
  region size 2048K, 1 young (2048K), 1 survivors (2048K)
 Metaspace       used 3088K, committed 3200K, reserved 1114112K
  class space    used 265K, committed 320K, reserved 1048576K
}
Event: 0.577 GC heap before
{Heap before GC invocations=1 (full 0):
 garbage-first heap   total reserved 4177920K, committed 262144K, used 17834K [0x0000000701000000, 0x0000000800000000)
  region size 2048K, 6 young (12288K), 1 survivors (2048K)
 Metaspace       used 8255K, committed 8448K, reserved 1114112K
  class space    used 871K, committed 960K, reserved 1048576K
}
Event: 0.580 GC heap after
{Heap after GC invocations=2 (full 0):
 garbage-first heap   total reserved 4177920K, committed 262144K, used 9334K [0x0000000701000000, 0x0000000800000000)
  region size 2048K, 1 young (2048K), 1 survivors (2048K)
 Metaspace       used 8255K, committed 8448K, reserved 1114112K
  class space    used 871K, committed 960K, reserved 1048576K
}
Event: 1.161 GC heap before
{Heap before GC invocations=2 (full 0):
 garbage-first heap   total reserved 4177920K, committed 262144K, used 31862K [0x0000000701000000, 0x0000000800000000)
  region size 2048K, 13 young (26624K), 1 survivors (2048K)
 Metaspace       used 14863K, committed 15168K, reserved 1114112K
  class space    used 1746K, committed 1856K, reserved 1048576K
}
Event: 1.167 GC heap after
{Heap after GC invocations=3 (full 0):
 garbage-first heap   total reserved 4177920K, committed 262144K, used 11293K [0x0000000701000000, 0x0000000800000000)
  region size 2048K, 2 young (4096K), 2 survivors (4096K)
 Metaspace       used 14863K, committed 15168K, reserved 1114112K
  class space    used 1746K, committed 1856K, reserved 1048576K
}

Dll operation events (13 events):
Event: 0.014 Loaded shared library C:\Users\user\.jdks\openjdk-23.0.2\bin\java.dll
Event: 0.016 Loaded shared library C:\Users\user\.jdks\openjdk-23.0.2\bin\zip.dll
Event: 0.091 Loaded shared library C:\Users\user\.jdks\openjdk-23.0.2\bin\jsvml.dll
Event: 0.224 Loaded shared library C:\Users\user\.jdks\openjdk-23.0.2\bin\instrument.dll
Event: 0.227 Loaded shared library C:\Users\user\.jdks\openjdk-23.0.2\bin\net.dll
Event: 0.229 Loaded shared library C:\Users\user\.jdks\openjdk-23.0.2\bin\nio.dll
Event: 0.233 Loaded shared library C:\Users\user\.jdks\openjdk-23.0.2\bin\zip.dll
Event: 0.250 Loaded shared library D:\IntelliJ IDEA 2024.3.1\bin\breakgen64.dll
Event: 0.285 Loaded shared library C:\Users\user\.jdks\openjdk-23.0.2\bin\jimage.dll
Event: 0.294 Loaded shared library C:\Users\user\.jdks\openjdk-23.0.2\bin\extnet.dll
Event: 0.427 Loaded shared library C:\Users\user\.jdks\openjdk-23.0.2\bin\management.dll
Event: 0.441 Loaded shared library C:\Users\user\.jdks\openjdk-23.0.2\bin\management_ext.dll
Event: 0.659 Loaded shared library C:\Users\user\.jdks\openjdk-23.0.2\bin\verify.dll

Deoptimization events (20 events):
Event: 1.311 Thread 0x0000015f68604e60 DEOPT PACKING pc=0x0000015f787f63ac sp=0x0000002e411fd180
Event: 1.311 Thread 0x0000015f68604e60 DEOPT UNPACKING pc=0x0000015f782a4402 sp=0x0000002e411fd118 mode 2
Event: 1.311 Thread 0x0000015f68604e60 Uncommon trap: trap_request=0xffffffde fr.pc=0x0000015f787f63ac relative=0x00000000000001ac
Event: 1.311 Thread 0x0000015f68604e60 Uncommon trap: reason=class_check action=maybe_recompile pc=0x0000015f787f63ac method=java.lang.String.equals(Ljava/lang/Object;)Z @ 8 c2
Event: 1.311 Thread 0x0000015f68604e60 DEOPT PACKING pc=0x0000015f787f63ac sp=0x0000002e411fd180
Event: 1.311 Thread 0x0000015f68604e60 DEOPT UNPACKING pc=0x0000015f782a4402 sp=0x0000002e411fd118 mode 2
Event: 1.315 Thread 0x0000015f68604e60 Uncommon trap: trap_request=0xffffffde fr.pc=0x0000015f787f63ac relative=0x00000000000001ac
Event: 1.315 Thread 0x0000015f68604e60 Uncommon trap: reason=class_check action=maybe_recompile pc=0x0000015f787f63ac method=java.lang.String.equals(Ljava/lang/Object;)Z @ 8 c2
Event: 1.315 Thread 0x0000015f68604e60 DEOPT PACKING pc=0x0000015f787f63ac sp=0x0000002e411fd0a0
Event: 1.315 Thread 0x0000015f68604e60 DEOPT UNPACKING pc=0x0000015f782a4402 sp=0x0000002e411fd038 mode 2
Event: 1.338 Thread 0x0000015f68604e60 DEOPT PACKING pc=0x0000015f70fe2279 sp=0x0000002e411f8ed0
Event: 1.338 Thread 0x0000015f68604e60 DEOPT UNPACKING pc=0x0000015f782a4b22 sp=0x0000002e411f83d8 mode 0
Event: 1.365 Thread 0x0000015f68604e60 DEOPT PACKING pc=0x0000015f70fe2279 sp=0x0000002e411fc6e0
Event: 1.365 Thread 0x0000015f68604e60 DEOPT UNPACKING pc=0x0000015f782a4b22 sp=0x0000002e411fbbe8 mode 0
Event: 1.406 Thread 0x0000015f68604e60 DEOPT PACKING pc=0x0000015f70fe2279 sp=0x0000002e411fc570
Event: 1.406 Thread 0x0000015f68604e60 DEOPT UNPACKING pc=0x0000015f782a4b22 sp=0x0000002e411fba78 mode 0
Event: 1.469 Thread 0x0000015f68604e60 DEOPT PACKING pc=0x0000015f70fe2279 sp=0x0000002e411fae90
Event: 1.469 Thread 0x0000015f68604e60 DEOPT UNPACKING pc=0x0000015f782a4b22 sp=0x0000002e411fa398 mode 0
Event: 1.490 Thread 0x0000015f68604e60 DEOPT PACKING pc=0x0000015f70fe2279 sp=0x0000002e411fc3c0
Event: 1.490 Thread 0x0000015f68604e60 DEOPT UNPACKING pc=0x0000015f782a4b22 sp=0x0000002e411fb8c8 mode 0

Classes loaded (20 events):
Event: 1.505 Loading class javax/management/openmbean/CompositeDataSupport
Event: 1.505 Loading class org/springframework/core/ResolvableType
Event: 1.505 Loading class org/springframework/core/ResolvableType done
Event: 1.506 Loading class javax/management/openmbean/CompositeDataSupport done
Event: 1.506 Loading class javax/management/openmbean/OpenDataException
Event: 1.506 Loading class javax/management/openmbean/OpenDataException done
Event: 1.507 Loading class org/springframework/core/SerializableTypeWrapper$TypeProvider
Event: 1.507 Loading class org/springframework/core/SerializableTypeWrapper$TypeProvider done
Event: 1.508 Loading class org/springframework/core/ResolvableType$VariableResolver
Event: 1.508 Loading class org/springframework/core/ResolvableType$VariableResolver done
Event: 1.508 Loading class java/lang/TypeNotPresentException
Event: 1.509 Loading class java/lang/TypeNotPresentException done
Event: 1.509 Loading class org/springframework/core/ResolvableType$1
Event: 1.509 Loading class org/springframework/core/ResolvableType$1 done
Event: 1.509 Loading class java/io/ObjectStreamException
Event: 1.509 Loading class java/io/ObjectStreamException done
Event: 1.509 Loading class org/springframework/core/ResolvableType$EmptyType
Event: 1.509 Loading class org/springframework/core/ResolvableType$EmptyType done
Event: 1.510 Loading class org/springframework/core/ResolvableType$DefaultVariableResolver
Event: 1.510 Loading class org/springframework/core/ResolvableType$DefaultVariableResolver done

Classes unloaded (0 events):
No events

Classes redefined (1 events):
Event: 0.291 Thread 0x0000015f0739a5b0 redefined class name=java.lang.Throwable, count=1

Internal exceptions (20 events):
Event: 0.904 Thread 0x0000015f68604e60 Exception <a 'java/lang/IncompatibleClassChangeError'{0x000000070fc1d630}: Found class java.lang.Object, but interface was expected> (0x000000070fc1d630) 
thrown [s\open\src\hotspot\share\interpreter\linkResolver.cpp, line 863]
Event: 0.907 Thread 0x0000015f68604e60 Exception <a 'java/lang/NoSuchMethodError'{0x000000070fc39550}: 'void java.lang.invoke.DirectMethodHandle$Holder.invokeStatic(java.lang.Object, java.lang.Object, java.lang.Object, java.lang.Object)'> (0x000000070fc39550) 
thrown [s\open\src\hotspot\share\interpreter\linkResolver.cpp, line 796]
Event: 0.911 Thread 0x0000015f68604e60 Exception <a 'java/lang/NoSuchMethodError'{0x000000070fc58968}: 'java.lang.Object java.lang.invoke.DirectMethodHandle$Holder.newInvokeSpecial(java.lang.Object, java.lang.Object, int)'> (0x000000070fc58968) 
thrown [s\open\src\hotspot\share\interpreter\linkResolver.cpp, line 796]
Event: 0.936 Thread 0x0000015f68604e60 Exception <a 'java/lang/NoSuchMethodError'{0x000000070fd608e8}: 'int java.lang.invoke.DirectMethodHandle$Holder.invokeSpecialIFC(java.lang.Object, java.lang.Object, java.lang.Object, java.lang.Object, java.lang.Object)'> (0x000000070fd608e8) 
thrown [s\open\src\hotspot\share\interpreter\linkResolver.cpp, line 796]
Event: 0.937 Thread 0x0000015f68604e60 Exception <a 'java/lang/NoSuchMethodError'{0x000000070fd67890}: 'int java.lang.invoke.DirectMethodHandle$Holder.invokeStatic(java.lang.Object, java.lang.Object, java.lang.Object, java.lang.Object, java.lang.Object)'> (0x000000070fd67890) 
thrown [s\open\src\hotspot\share\interpreter\linkResolver.cpp, line 796]
Event: 0.947 Thread 0x0000015f68604e60 Exception <a 'java/lang/NoSuchMethodError'{0x000000070fdbd628}: 'void java.lang.invoke.DirectMethodHandle$Holder.invokeStaticInit(java.lang.Object)'> (0x000000070fdbd628) 
thrown [s\open\src\hotspot\share\interpreter\linkResolver.cpp, line 796]
Event: 0.965 Thread 0x0000015f68604e60 Exception <a 'java/lang/NoSuchMethodError'{0x000000070fa8f6c0}: 'void java.lang.invoke.DirectMethodHandle$Holder.invokeStaticInit(java.lang.Object, java.lang.Object, java.lang.Object, java.lang.Object)'> (0x000000070fa8f6c0) 
thrown [s\open\src\hotspot\share\interpreter\linkResolver.cpp, line 796]
Event: 0.980 Thread 0x0000015f68604e60 Exception <a 'java/lang/NoSuchMethodError'{0x000000070faee3e0}: 'int java.lang.invoke.DirectMethodHandle$Holder.invokeStaticInit(java.lang.Object, java.lang.Object)'> (0x000000070faee3e0) 
thrown [s\open\src\hotspot\share\interpreter\linkResolver.cpp, line 796]
Event: 1.109 Thread 0x0000015f68604e60 Exception <a 'java/lang/ClassNotFoundException'{0x000000070f686eb8}: javax/smartcardio/CardPermission> (0x000000070f686eb8) 
thrown [s\open\src\hotspot\share\classfile\systemDictionary.cpp, line 313]
Event: 1.112 Thread 0x0000015f68604e60 Exception <a 'java/io/FileNotFoundException'{0x000000070f697518}> (0x000000070f697518) 
thrown [s\open\src\hotspot\share\prims\jni.cpp, line 520]
Event: 1.129 Thread 0x0000015f68604e60 Exception <a 'java/lang/NoSuchMethodError'{0x000000070f704c50}: 'java.lang.Object java.lang.invoke.DirectMethodHandle$Holder.invokeSpecial(java.lang.Object, java.lang.Object, java.lang.Object, long, java.lang.Object)'> (0x000000070f704c50) 
thrown [s\open\src\hotspot\share\interpreter\linkResolver.cpp, line 796]
Event: 1.129 Thread 0x0000015f68604e60 Exception <a 'java/lang/NoSuchMethodError'{0x000000070f708b00}: 'java.lang.Object java.lang.invoke.Invokers$Holder.linkToTargetMethod(java.lang.Object, long, java.lang.Object, java.lang.Object)'> (0x000000070f708b00) 
thrown [s\open\src\hotspot\share\interpreter\linkResolver.cpp, line 796]
Event: 1.183 Thread 0x0000015f68604e60 Implicit null exception at 0x0000015f78875940 to 0x0000015f7887660c
Event: 1.291 Thread 0x0000015f68604e60 Exception <a 'java/lang/NoSuchMethodError'{0x0000000710df4af0}: 'int java.lang.invoke.DirectMethodHandle$Holder.invokeStaticInit(java.lang.Object, java.lang.Object, java.lang.Object)'> (0x0000000710df4af0) 
thrown [s\open\src\hotspot\share\interpreter\linkResolver.cpp, line 796]
Event: 1.341 Thread 0x0000015f68604e60 Exception <a 'java/lang/NoSuchMethodError'{0x0000000710bfbee0}: 'void java.lang.invoke.DirectMethodHandle$Holder.invokeStaticInit(java.lang.Object, java.lang.Object)'> (0x0000000710bfbee0) 
thrown [s\open\src\hotspot\share\interpreter\linkResolver.cpp, line 796]
Event: 1.360 Thread 0x0000015f68604e60 Exception <a 'java/lang/NoSuchMethodError'{0x00000007108a9488}: 'int java.lang.invoke.DirectMethodHandle$Holder.invokeVirtual(java.lang.Object, java.lang.Object, java.lang.Object)'> (0x00000007108a9488) 
thrown [s\open\src\hotspot\share\interpreter\linkResolver.cpp, line 796]
Event: 1.410 Thread 0x0000015f68604e60 Exception <a 'java/lang/IncompatibleClassChangeError'{0x00000007109fd228}: Found class java.lang.Object, but interface was expected> (0x00000007109fd228) 
thrown [s\open\src\hotspot\share\interpreter\linkResolver.cpp, line 863]
Event: 1.478 Thread 0x0000015f68604e60 Exception <a 'java/lang/NoSuchMethodError'{0x000000071044fee8}: 'void java.lang.invoke.DirectMethodHandle$Holder.invokeVirtual(java.lang.Object, java.lang.Object, java.lang.Object, java.lang.Object)'> (0x000000071044fee8) 
thrown [s\open\src\hotspot\share\interpreter\linkResolver.cpp, line 796]
Event: 1.502 Thread 0x0000015f4dbd7fb0 Exception <a 'java/lang/NoSuchMethodError'{0x00000007105728b0}: 'long java.lang.invoke.DirectMethodHandle$Holder.invokeVirtual(java.lang.Object, java.lang.Object)'> (0x00000007105728b0) 
thrown [s\open\src\hotspot\share\interpreter\linkResolver.cpp, line 796]
Event: 1.502 Thread 0x0000015f4dbd7fb0 Exception <a 'java/lang/NoSuchMethodError'{0x00000007105ca380}: 'long java.lang.invoke.DelegatingMethodHandle$Holder.reinvoke_L(java.lang.Object, java.lang.Object)'> (0x00000007105ca380) 
thrown [s\open\src\hotspot\share\interpreter\linkResolver.cpp, line 796]

VM Operations (20 events):
Event: 0.577 Executing VM operation: G1CollectForAllocation (G1 Evacuation Pause)
Event: 0.580 Executing VM operation: G1CollectForAllocation (G1 Evacuation Pause) done
Event: 0.653 Executing VM operation: HandshakeAllThreads (Deoptimize)
Event: 0.653 Executing VM operation: HandshakeAllThreads (Deoptimize) done
Event: 0.659 Executing VM operation: HandshakeAllThreads (Deoptimize)
Event: 0.659 Executing VM operation: HandshakeAllThreads (Deoptimize) done
Event: 0.765 Executing VM operation: HandshakeAllThreads (Deoptimize)
Event: 0.765 Executing VM operation: HandshakeAllThreads (Deoptimize) done
Event: 0.766 Executing VM operation: HandshakeAllThreads (Deoptimize)
Event: 0.766 Executing VM operation: HandshakeAllThreads (Deoptimize) done
Event: 0.787 Executing VM operation: HandshakeAllThreads (Deoptimize)
Event: 0.800 Executing VM operation: HandshakeAllThreads (Deoptimize) done
Event: 0.925 Executing VM operation: HandshakeAllThreads (Deoptimize)
Event: 0.925 Executing VM operation: HandshakeAllThreads (Deoptimize) done
Event: 1.064 Executing VM operation: HandshakeAllThreads (Deoptimize)
Event: 1.064 Executing VM operation: HandshakeAllThreads (Deoptimize) done
Event: 1.116 Executing VM operation: HandshakeAllThreads (Deoptimize)
Event: 1.116 Executing VM operation: HandshakeAllThreads (Deoptimize) done
Event: 1.161 Executing VM operation: G1CollectForAllocation (G1 Evacuation Pause)
Event: 1.167 Executing VM operation: G1CollectForAllocation (G1 Evacuation Pause) done

Memory protections (0 events):
No events

Nmethod flushes (0 events):
No events

Events (17 events):
Event: 0.035 Thread 0x0000015f68604e60 Thread added: 0x0000015f68604e60
Event: 0.059 Thread 0x0000015f68604e60 Thread added: 0x0000015f073b4410
Event: 0.059 Thread 0x0000015f68604e60 Thread added: 0x0000015f073b5c90
Event: 0.079 Thread 0x0000015f68604e60 Thread added: 0x0000015f073bbda0
Event: 0.079 Thread 0x0000015f68604e60 Thread added: 0x0000015f073bc800
Event: 0.088 Thread 0x0000015f68604e60 Thread added: 0x0000015f073beca0
Event: 0.088 Thread 0x0000015f68604e60 Thread added: 0x0000015f073c0b10
Event: 0.089 Thread 0x0000015f68604e60 Thread added: 0x0000015f073c18a0
Event: 0.089 Thread 0x0000015f68604e60 Thread added: 0x0000015f073c4ab0
Event: 0.203 Thread 0x0000015f68604e60 Thread added: 0x0000015f075157f0
Event: 0.251 Thread 0x0000015f68604e60 Thread added: 0x0000015f0763fa10
Event: 0.294 Thread 0x0000015f68604e60 Thread added: 0x0000015f077b1850
Event: 0.335 Thread 0x0000015f073c4ab0 Thread added: 0x0000015f079f0fe0
Event: 0.736 Thread 0x0000015f073bc800 Thread added: 0x0000015f4dda2c40
Event: 0.750 Thread 0x0000015f4dda2c40 Thread added: 0x0000015f4dbd7fb0
Event: 0.775 Thread 0x0000015f4dbd7fb0 Thread added: 0x0000015f4dbb72b0
Event: 0.785 Thread 0x0000015f4dbd7fb0 Thread added: 0x0000015f4dc8c130


Dynamic libraries:
0x00007ff656470000 - 0x00007ff65647e000 	C:\Users\user\.jdks\openjdk-23.0.2\bin\java.exe
0x00007ffb4d1c0000 - 0x00007ffb4d423000 	C:\Windows\SYSTEM32\ntdll.dll
0x00007ffb4c800000 - 0x00007ffb4c8c8000 	C:\Windows\System32\KERNEL32.DLL
0x00007ffb4a9a0000 - 0x00007ffb4ad52000 	C:\Windows\System32\KERNELBASE.dll
0x00007ffb4a590000 - 0x00007ffb4a6db000 	C:\Windows\System32\ucrtbase.dll
0x00007ffb404b0000 - 0x00007ffb404c7000 	C:\Users\user\.jdks\openjdk-23.0.2\bin\jli.dll
0x00007ffb4b110000 - 0x00007ffb4b2d8000 	C:\Windows\System32\USER32.dll
0x00007ffb4ad60000 - 0x00007ffb4ad87000 	C:\Windows\System32\win32u.dll
0x00007ffb4c970000 - 0x00007ffb4c99a000 	C:\Windows\System32\GDI32.dll
0x00007ffb4aef0000 - 0x00007ffb4b01b000 	C:\Windows\System32\gdi32full.dll
0x00007ffb321f0000 - 0x00007ffb3220b000 	C:\Users\user\.jdks\openjdk-23.0.2\bin\VCRUNTIME140.dll
0x00007ffb4a8f0000 - 0x00007ffb4a993000 	C:\Windows\System32\msvcp_win.dll
0x00007ffb339f0000 - 0x00007ffb33c80000 	C:\Windows\WinSxS\amd64_microsoft.windows.common-controls_6595b64144ccf1df_6.0.26100.2454_none_3e0b68a2e331ad60\COMCTL32.dll
0x00007ffb4c750000 - 0x00007ffb4c7f9000 	C:\Windows\System32\msvcrt.dll
0x00007ffb4c930000 - 0x00007ffb4c95f000 	C:\Windows\System32\IMM32.DLL
0x00007ffb33520000 - 0x00007ffb3352c000 	C:\Users\user\.jdks\openjdk-23.0.2\bin\vcruntime140_1.dll
0x00007ffb178e0000 - 0x00007ffb1796e000 	C:\Users\user\.jdks\openjdk-23.0.2\bin\msvcp140.dll
0x00007ffadd760000 - 0x00007ffade4b0000 	C:\Users\user\.jdks\openjdk-23.0.2\bin\server\jvm.dll
0x00007ffb4cd10000 - 0x00007ffb4cdc4000 	C:\Windows\System32\ADVAPI32.dll
0x00007ffb4b4a0000 - 0x00007ffb4b546000 	C:\Windows\System32\sechost.dll
0x00007ffb4cb00000 - 0x00007ffb4cc16000 	C:\Windows\System32\RPCRT4.dll
0x00007ffb4c6a0000 - 0x00007ffb4c714000 	C:\Windows\System32\WS2_32.dll
0x00007ffb3f100000 - 0x00007ffb3f136000 	C:\Windows\SYSTEM32\WINMM.dll
0x00007ffb49d60000 - 0x00007ffb49dae000 	C:\Windows\SYSTEM32\POWRPROF.dll
0x00007ffb44eb0000 - 0x00007ffb44ebb000 	C:\Windows\SYSTEM32\VERSION.dll
0x00007ffb49ce0000 - 0x00007ffb49cf4000 	C:\Windows\SYSTEM32\UMPDC.dll
0x00007ffb493d0000 - 0x00007ffb493ea000 	C:\Windows\SYSTEM32\kernel.appcore.dll
0x00007ffb333b0000 - 0x00007ffb333ba000 	C:\Users\user\.jdks\openjdk-23.0.2\bin\jimage.dll
0x00007ffb3ece0000 - 0x00007ffb3ef21000 	C:\Windows\SYSTEM32\DBGHELP.DLL
0x00007ffb4b6f0000 - 0x00007ffb4ba6e000 	C:\Windows\System32\combase.dll
0x00007ffb4ca20000 - 0x00007ffb4caf6000 	C:\Windows\System32\OLEAUT32.dll
0x00007ffb32890000 - 0x00007ffb328c9000 	C:\Windows\SYSTEM32\dbgcore.DLL
0x00007ffb4ae50000 - 0x00007ffb4aee9000 	C:\Windows\System32\bcryptPrimitives.dll
0x00007ffb32760000 - 0x00007ffb3276f000 	C:\Users\user\.jdks\openjdk-23.0.2\bin\instrument.dll
0x00007ffb2e9a0000 - 0x00007ffb2e9be000 	C:\Users\user\.jdks\openjdk-23.0.2\bin\java.dll
0x00007ffb4b300000 - 0x00007ffb4b499000 	C:\Windows\System32\ole32.dll
0x00007ffb4ba80000 - 0x00007ffb4c181000 	C:\Windows\System32\SHELL32.dll
0x00007ffb2e8a0000 - 0x00007ffb2e8b7000 	C:\Users\user\.jdks\openjdk-23.0.2\bin\zip.dll
0x00007ffb482e0000 - 0x00007ffb48b11000 	C:\Windows\SYSTEM32\windows.storage.dll
0x00007ffb4cc20000 - 0x00007ffb4ccfa000 	C:\Windows\System32\SHCORE.dll
0x00007ffb4c8d0000 - 0x00007ffb4c92d000 	C:\Windows\System32\shlwapi.dll
0x00007ffb4a4a0000 - 0x00007ffb4a4ce000 	C:\Windows\SYSTEM32\profapi.dll
0x00007ffb14ea0000 - 0x00007ffb14f77000 	C:\Users\user\.jdks\openjdk-23.0.2\bin\jsvml.dll
0x00007ffb31d50000 - 0x00007ffb31d60000 	C:\Users\user\.jdks\openjdk-23.0.2\bin\net.dll
0x00007ffb498d0000 - 0x00007ffb49938000 	C:\Windows\system32\mswsock.dll
0x00007ffb2e520000 - 0x00007ffb2e536000 	C:\Users\user\.jdks\openjdk-23.0.2\bin\nio.dll
0x00007ffb2e500000 - 0x00007ffb2e51a000 	D:\IntelliJ IDEA 2024.3.1\bin\breakgen64.dll
0x00007ffb31360000 - 0x00007ffb31369000 	C:\Users\user\.jdks\openjdk-23.0.2\bin\extnet.dll
0x00007ffb48e50000 - 0x00007ffb48f75000 	C:\Windows\SYSTEM32\DNSAPI.dll
0x00007ffb48e10000 - 0x00007ffb48e42000 	C:\Windows\SYSTEM32\IPHLPAPI.DLL
0x00007ffb4cd00000 - 0x00007ffb4cd0a000 	C:\Windows\System32\NSI.dll
0x00007ffb42590000 - 0x00007ffb4259b000 	C:\Windows\System32\rasadhlp.dll
0x00007ffb445b0000 - 0x00007ffb44635000 	C:\Windows\System32\fwpuclnt.dll
0x00007ffb307d0000 - 0x00007ffb307da000 	C:\Users\user\.jdks\openjdk-23.0.2\bin\management.dll
0x00007ffb2fc00000 - 0x00007ffb2fc0b000 	C:\Users\user\.jdks\openjdk-23.0.2\bin\management_ext.dll
0x00007ffb4b650000 - 0x00007ffb4b658000 	C:\Windows\System32\PSAPI.DLL
0x00007ffb2ea10000 - 0x00007ffb2ea20000 	C:\Users\user\.jdks\openjdk-23.0.2\bin\verify.dll
0x00007ffb49be0000 - 0x00007ffb49bfc000 	C:\Windows\SYSTEM32\CRYPTSP.dll
0x00007ffb49330000 - 0x00007ffb49368000 	C:\Windows\system32\rsaenh.dll
0x00007ffb49970000 - 0x00007ffb4999b000 	C:\Windows\SYSTEM32\USERENV.dll
0x00007ffb49ec0000 - 0x00007ffb49ee6000 	C:\Windows\SYSTEM32\bcrypt.dll
0x00007ffb49c00000 - 0x00007ffb49c0c000 	C:\Windows\SYSTEM32\CRYPTBASE.dll
0x00007ffb3a040000 - 0x00007ffb3a058000 	C:\Windows\system32\napinsp.dll
0x00007ffb3a020000 - 0x00007ffb3a032000 	C:\Windows\System32\winrnr.dll
0x00007ffb3aab0000 - 0x00007ffb3aad2000 	C:\Windows\system32\nlansp_c.dll
0x00007ffb23700000 - 0x00007ffb23716000 	C:\Windows\system32\wshbth.dll
0x00007ffb35030000 - 0x00007ffb35086000 	C:\Windows\SYSTEM32\pdh.dll
0x00007ffb39ad0000 - 0x00007ffb39ae2000 	C:\Windows\System32\perfproc.dll
0x00007ffb33420000 - 0x00007ffb33431000 	C:\Windows\System32\perfos.dll
0x00007ffb47a20000 - 0x00007ffb47a32000 	C:\Windows\SYSTEM32\pfclient.dll

dbghelp: loaded successfully - version: 4.0.5 - missing functions: none
symbol engine: initialized successfully - sym options: 0x614 - pdb path: .;C:\Users\user\.jdks\openjdk-23.0.2\bin;C:\Windows\SYSTEM32;C:\Windows\WinSxS\amd64_microsoft.windows.common-controls_6595b64144ccf1df_6.0.26100.2454_none_3e0b68a2e331ad60;C:\Users\user\.jdks\openjdk-23.0.2\bin\server;D:\IntelliJ IDEA 2024.3.1\bin

VM Arguments:
jvm_args: -ea -Didea.test.cyclic.buffer.size=1048576 -javaagent:D:\IntelliJ IDEA 2024.3.1\lib\idea_rt.jar=62527:D:\IntelliJ IDEA 2024.3.1\bin -javaagent:C:\Users\user\AppData\Local\JetBrains\IntelliJIdea2024.3\captureAgent\debugger-agent.jar -Dkotlinx.coroutines.debug.enable.creation.stack.trace=false -Ddebugger.agent.enable.coroutines=true -Dkotlinx.coroutines.debug.enable.flows.stack.trace=true -Dkotlinx.coroutines.debug.enable.mutable.state.flows.stack.trace=true -Dfile.encoding=UTF-8 -Dsun.stdout.encoding=UTF-8 -Dsun.stderr.encoding=UTF-8 
java_command: com.intellij.rt.junit.JUnitStarter -ideVersion5 -junit5 com.kafka1.demo.Services.Tests.DB.MessageDbServiceTest,save
java_class_path (initial): C:\Users\user\.m2\repository\org\junit\platform\junit-platform-launcher\1.10.2\junit-platform-launcher-1.10.2.jar;C:\Users\user\.m2\repository\org\junit\vintage\junit-vintage-engine\5.10.2\junit-vintage-engine-5.10.2.jar;D:\IntelliJ IDEA 2024.3.1\lib\idea_rt.jar;D:\IntelliJ IDEA 2024.3.1\plugins\junit\lib\junit5-rt.jar;D:\IntelliJ IDEA 2024.3.1\plugins\junit\lib\junit-rt.jar;D:\projects\doctor-master\target\test-classes;D:\projects\doctor-master\target\classes;C:\Users\user\.m2\repository\javax\servlet\javax.servlet-api\4.0.1\javax.servlet-api-4.0.1.jar;C:\Users\user\.m2\repository\org\web3j\core\5.0.0\core-5.0.0.jar;C:\Users\user\.m2\repository\org\web3j\abi\5.0.0\abi-5.0.0.jar;C:\Users\user\.m2\repository\org\web3j\utils\5.0.0\utils-5.0.0.jar;C:\Users\user\.m2\repository\org\bouncycastle\bcprov-jdk15on\1.65\bcprov-jdk15on-1.65.jar;C:\Users\user\.m2\repository\org\web3j\crypto\5.0.0\crypto-5.0.0.jar;C:\Users\user\.m2\repository\org\web3j\rlp\5.0.0\rlp-5.0.0.jar;C:\Users\user\.m2\repository\org\web3j\tuples\5.0.0\tuples-5.0.0.jar;C:\Users\user\.m2\repository\com\github\jnr\jnr-unixsocket\0.21\jnr-unixsocket-0.21.jar;C:\Users\user\.m2\repository\com\github\jnr\jnr-ffi\2.1.9\jnr-ffi-2.1.9.jar;C:\Users\user\.m2\repository\com\github\jnr\jffi\1.2.17\jffi-1.2.17.jar;C:\Users\user\.m2\repository\com\github\jnr\jffi\1.2.16\jffi-1.2.16-native.jar;C:\Users\user\.m2\repository\org\ow2\asm\asm\5.0.3\asm-5.0.3.jar;C:\Users\user\.m2\repository\org\ow2\asm\asm-commons\5.0.3\asm-commons-5.0.3.jar;C:\Users\user\.m2\repository\org\ow2\asm\asm-analysis\5.0.3\asm-analysis-5.0.3.jar;C:\Users\user\.m2\repository\org\ow2\asm\asm-tree\5.0.3\asm-tree-5.0.3.jar;C:\Users\user\.m2\repository\org\ow2\asm\asm-util\5.0.3\asm-util-5.0.3.jar;C:\Users\user\.m2\repository\com\github\jnr\jnr-a64asm\1.0.0\jnr-a64asm-1.0.0.jar;C:\Users\user\.m2\repository\com\github\jnr\jnr-x86asm\1.0.2\jnr-x86asm-1.0.2.jar;C:\Users\user\.m2\repository\com\github\jnr\jnr-constants\0.9.11\jnr-constants-0.9.11.jar;C:\Users\user\.m2\repository\com\github\jnr\jnr-enxio\0.19\jnr-enxio-0.19.jar;C:\Users\user\.m2\repository\com\github\jnr\jnr-posix\3.0.47\jnr-posix-3.0.47.jar;C:\Users\user\.m2\repository\com\squareup\okhttp3\logging-interceptor\4.12.0\logging-interceptor-4.12.0.jar;C:\Users\user\.m2\repository\org\jetbrains\kotlin\kotlin-stdlib-jdk8\1.9.24\kotlin-stdlib-jdk8-1.9.24.jar;C:\Users\user\.m2\repository\org\jetbrains\kotlin\kotlin-stdlib-jdk7\1.9.24\kotlin-stdlib-jdk7-1.9.24.jar;C:\Users\user\.m2\repository\io\reactivex\rxjava2\rxjava\2.2.2\rxjava-2.2.2.jar;C:\Users\user\.m2\repository\org\reactivestreams\reactive-streams\1.0.4\reactive-streams-1.0.4.jar;C:\Users\user\.m2\repository\org\java-websocket\Java-WebSocket\1.3.8\Java-WebSocket-1.3.8.jar;C:\Users\user\.m2\repository\com\fasterxml\jackson\core\jackson-databind\2.17.1\jackson-databind-2.17.1.jar;C:\Users\user\.m2\repository\com\fasterxml\jackson\core\jackson-annotations\2.17.1\jackson-annotations-2.17.1.jar;C:\Users\user\.m2\repository\com\fasterxml\jackson\core\jackson-core\2.17.1\jackson-core-2.17.1.jar;C:\Users\user\.m2\repository\org\slf4j\slf4j-api\2.0.13\slf4j-api-2.0.13.jar;C:\Users\user\.m2\repository\org\json\json\20210307\json-20210307.jar;C:\Users\user\.m2\repository\org\postgresql\postgresql\42.7.3\postgresql-42.7.3.jar;C:\Users\user\.m2\repository\org\checkerframework\checker-qual\3.42.0\checker-qual-3.42.0.jar;C:\Users\user\.m2\repository\com\squareup\okhttp3\okhttp\4.9.3\okhttp-4.9.3.jar;C:\Users\user\.m2\repository\com\squareup\okio\okio\2.8.0\okio-2.8.0.jar;C:\Users\user\.m2\repository\org\jetbrains\kotlin\kotlin-stdlib-common\1.9.24\kotlin-stdlib-common-1.9.24.jar;C:\Users\user\.m2\repository\org\jetbrains\kotlin\kotlin-stdlib\1.9.24\kotlin-stdlib-1.9.24.jar;C:\Users\user\.m2\repository\org\jetbrains\annotations\13.0\annotations-13.0.jar;C:\Users\user\.m2\repository\javax\xml\bind\jaxb-api\2.3.0\jaxb-api-2.3.0.jar;C:\Users\user\.m2\repository\com\sun\xml\bind\jaxb-core\2.3.0\jaxb-core-2.3.0.jar;C:\Users\user\.m2\repository\com\sun\xml\bind\jaxb-impl\2.3.0\jaxb-impl-2.3.0.jar;C:\Users\user\.m2\repository\org\glassfish\javax.json\1.1.4\javax.json-1.1.4.jar;C:\Users\user\.m2\repository\org\springframework\boot\spring-boot-starter-thymeleaf\3.3.1\spring-boot-starter-thymeleaf-3.3.1.jar;C:\Users\user\.m2\repository\org\springframework\boot\spring-boot-starter\3.3.1\spring-boot-starter-3.3.1.jar;C:\Users\user\.m2\repository\org\springframework\boot\spring-boot\3.3.1\spring-boot-3.3.1.jar;C:\Users\user\.m2\repository\org\springframework\boot\spring-boot-autoconfigure\3.3.1\spring-boot-autoconfigure-3.3.1.jar;C:\Users\user\.m2\repository\org\springframework\boot\spring-boot-starter-logging\3.3.1\spring-boot-starter-logging-3.3.1.jar;C:\Users\user\.m2\repository\ch\qos\logback\logback-classic\1.5.6\logback-classic-1.5.6.jar;C:\Users\user\.m2\repository\ch\qos\logback\logback-core\1.5.6\logback-core-1.5.6.jar;C:\Users\user\.m2\repository\org\apache\logging\log4j\log4j-to-slf4j\2.23.1\log4j-to-slf4j-2.23.1.jar;C:\Users\user\.m2\repository\org\apache\logging\log4j\log4j-api\2.23.1\log4j-api-2.23.1.jar;C:\Users\user\.m2\repository\org\slf4j\jul-to-slf4j\2.0.13\jul-to-slf4j-2.0.13.jar;C:\Users\user\.m2\repository\jakarta\annotation\jakarta.annotation-api\2.1.1\jakarta.annotation-api-2.1.1.jar;C:\Users\user\.m2\repository\org\yaml\snakeyaml\2.2\snakeyaml-2.2.jar;C:\Users\user\.m2\repository\org\thymeleaf\thymeleaf-spring6\3.1.2.RELEASE\thymeleaf-spring6-3.1.2.RELEASE.jar;C:\Users\user\.m2\repository\org\thymeleaf\thymeleaf\3.1.2.RELEASE\thymeleaf-3.1.2.RELEASE.jar;C:\Users\user\.m2\repository\org\attoparser\attoparser\2.0.7.RELEASE\attoparser-2.0.7.RELEASE.jar;C:\Users\user\.m2\repository\org\unbescape\unbescape\1.1.6.RELEASE\unbescape-1.1.6.RELEASE.jar;C:\Users\user\.m2\repository\org\projectlombok\lombok\1.18.30\lombok-1.18.30.jar;C:\Users\user\.m2\repository\org\mockito\mockito-core\5.4.0\mockito-core-5.4.0.jar;C:\Users\user\.m2\repository\net\bytebuddy\byte-buddy\1.14.17\byte-buddy-1.14.17.jar;C:\Users\user\.m2\repository\net\bytebuddy\byte-buddy-agent\1.14.17\byte-buddy-agent-1.14.17.jar;C:\Users\user\.m2\repository\org\objenesis\objenesis\3.3\objenesis-3.3.jar;C:\Users\user\.m2\repository\junit\junit\4.13.1\junit-4.13.1.jar;C:\Users\user\.m2\repository\org\hamcrest\hamcrest-core\2.2\hamcrest-core-2.2.jar;C:\Users\user\.m2\repository\com\h2database\h2\2.2.224\h2-2.2.224.jar;C:\Users\user\.m2\repository\org\springframework\boot\spring-boot-starter-mail\3.3.1\spring-boot-starter-mail-3.3.1.jar;C:\Users\user\.m2\repository\org\springframework\spring-context-support\6.1.10\spring-context-support-6.1.10.jar;C:\Users\user\.m2\repository\org\springframework\spring-beans\6.1.10\spring-beans-6.1.10.jar;C:\Users\user\.m2\repository\org\springframework\spring-context\6.1.10\spring-context-6.1.10.jar;C:\Users\user\.m2\repository\org\eclipse\angus\jakarta.mail\2.0.3\jakarta.mail-2.0.3.jar;C:\Users\user\.m2\repository\jakarta\activation\jakarta.activation-api\2.1.3\jakarta.activation-api-2.1.3.jar;C:\Users\user\.m2\repository\org\eclipse\angus\angus-activation\2.0.2\angus-activation-2.0.2.jar;C:\Users\user\.m2\repository\io\jsonwebtoken\jjwt-api\0.12.3\jjwt-api-0.12.3.jar;C:\Users\user\.m2\repository\io\jsonwebtoken\jjwt-impl\0.12.3\jjwt-impl-0.12.3.jar;C:\Users\user\.m2\repository\io\jsonwebtoken\jjwt-jackson\0.12.3\jjwt-jackson-0.12.3.jar;C:\Users\user\.m2\repository\commons-codec\commons-codec\1.15\commons-codec-1.15.jar;C:\Users\user\.m2\repository\org\springframework\boot\spring-boot-starter-security\3.3.1\spring-boot-starter-security-3.3.1.jar;C:\Users\user\.m2\repository\org\springframework\spring-aop\6.1.10\spring-aop-6.1.10.jar;C:\Users\user\.m2\repository\org\springframework\security\spring-security-config\6.3.1\spring-security-config-6.3.1.jar;C:\Users\user\.m2\repository\org\springframework\security\spring-security-core\6.3.1\spring-security-core-6.3.1.jar;C:\Users\user\.m2\repository\org\springframework\security\spring-security-crypto\6.3.1\spring-security-crypto-6.3.1.jar;C:\Users\user\.m2\repository\org\springframework\security\spring-security-web\6.3.1\spring-security-web-6.3.1.jar;C:\Users\user\.m2\repository\org\springframework\spring-expression\6.1.10\spring-expression-6.1.10.jar;C:\Users\user\.m2\repository\org\springframework\boot\spring-boot-starter-test\3.3.1\spring-boot-starter-test-3.3.1.jar;C:\Users\user\.m2\repository\org\springframework\boot\spring-boot-test\3.3.1\spring-boot-test-3.3.1.jar;C:\Users\user\.m2\repository\org\springframework\boot\spring-boot-test-autoconfigure\3.3.1\spring-boot-test-autoconfigure-3.3.1.jar;C:\Users\user\.m2\repository\com\jayway\jsonpath\json-path\2.9.0\json-path-2.9.0.jar;C:\Users\user\.m2\repository\jakarta\xml\bind\jakarta.xml.bind-api\4.0.2\jakarta.xml.bind-api-4.0.2.jar;C:\Users\user\.m2\repository\net\minidev\json-smart\2.5.1\json-smart-2.5.1.jar;C:\Users\user\.m2\repository\net\minidev\accessors-smart\2.5.1\accessors-smart-2.5.1.jar;C:\Users\user\.m2\repository\org\assertj\assertj-core\3.25.3\assertj-core-3.25.3.jar;C:\Users\user\.m2\repository\org\awaitility\awaitility\4.2.1\awaitility-4.2.1.jar;C:\Users\user\.m2\repository\org\hamcrest\hamcrest\2.2\hamcrest-2.2.jar;C:\Users\user\.m2\repository\org\junit\jupiter\junit-jupiter\5.10.2\junit-jupiter-5.10.2.jar;C:\Users\user\.m2\repository\org\junit\jupiter\junit-jupiter-api\5.10.2\junit-jupiter-api-5.10.2.jar;C:\Users\user\.m2\repository\org\opentest4j\opentest4j\1.3.0\opentest4j-1.3.0.jar;C:\Users\user\.m2\repository\org\junit\platform\junit-platform-commons\1.10.2\junit-platform-commons-1.10.2.jar;C:\Users\user\.m2\repository\org\apiguardian\apiguardian-api\1.1.2\apiguardian-api-1.1.2.jar;C:\Users\user\.m2\repository\org\junit\jupiter\junit-jupiter-params\5.10.2\junit-jupiter-params-5.10.2.jar;C:\Users\user\.m2\repository\org\junit\jupiter\junit-jupiter-engine\5.10.2\junit-jupiter-engine-5.10.2.jar;C:\Users\user\.m2\repository\org\junit\platform\junit-platform-engine\1.10.2\junit-platform-engine-1.10.2.jar;C:\Users\user\.m2\repository\org\mockito\mockito-junit-jupiter\5.11.0\mockito-junit-jupiter-5.11.0.jar;C:\Users\user\.m2\repository\org\skyscreamer\jsonassert\1.5.1\jsonassert-1.5.1.jar;C:\Users\user\.m2\repository\com\vaadin\external\google\android-json\0.0.20131108.vaadin1\android-json-0.0.20131108.vaadin1.jar;C:\Users\user\.m2\repository\org\springframework\spring-core\6.1.10\spring-core-6.1.10.jar;C:\Users\user\.m2\repository\org\springframework\spring-jcl\6.1.10\spring-jcl-6.1.10.jar;C:\Users\user\.m2\repository\org\springframework\spring-test\6.1.10\spring-test-6.1.10.jar;C:\Users\user\.m2\repository\org\xmlunit\xmlunit-core\2.9.1\xmlunit-core-2.9.1.jar;C:\Users\user\.m2\repository\org\springframework\boot\spring-boot-starter-data-jpa\3.3.1\spring-boot-starter-data-jpa-3.3.1.jar;C:\Users\user\.m2\repository\org\springframework\boot\spring-boot-starter-aop\3.3.1\spring-boot-starter-aop-3.3.1.jar;C:\Users\user\.m2\repository\org\aspectj\aspectjweaver\1.9.22\aspectjweaver-1.9.22.jar;C:\Users\user\.m2\repository\org\springframework\boot\spring-boot-starter-jdbc\3.3.1\spring-boot-starter-jdbc-3.3.1.jar;C:\Users\user\.m2\repository\com\zaxxer\HikariCP\5.1.0\HikariCP-5.1.0.jar;C:\Users\user\.m2\repository\org\springframework\spring-jdbc\6.1.10\spring-jdbc-6.1.10.jar;C:\Users\user\.m2\repository\org\hibernate\orm\hibernate-core\6.5.2.Final\hibernate-core-6.5.2.Final.jar;C:\Users\user\.m2\repository\jakarta\persistence\jakarta.persistence-api\3.1.0\jakarta.persistence-api-3.1.0.jar;C:\Users\user\.m2\repository\jakarta\transaction\jakarta.transaction-api\2.0.1\jakarta.transaction-api-2.0.1.jar;C:\Users\user\.m2\repository\org\jboss\logging\jboss-logging\3.5.3.Final\jboss-logging-3.5.3.Final.jar;C:\Users\user\.m2\repository\org\hibernate\common\hibernate-commons-annotations\6.0.6.Final\hibernate-commons-annotations-6.0.6.Final.jar;C:\Users\user\.m2\repository\io\smallrye\jandex\3.1.2\jandex-3.1.2.jar;C:\Users\user\.m2\repository\com\fasterxml\classmate\1.7.0\classmate-1.7.0.jar;C:\Users\user\.m2\repository\org\glassfish\jaxb\jaxb-runtime\4.0.5\jaxb-runtime-4.0.5.jar;C:\Users\user\.m2\repository\org\glassfish\jaxb\jaxb-core\4.0.5\jaxb-core-4.0.5.jar;C:\Users\user\.m2\repository\org\glassfish\jaxb\txw2\4.0.5\txw2-4.0.5.jar;C:\Users\user\.m2\repository\com\sun\istack\istack-commons-runtime\4.1.2\istack-commons-runtime-4.1.2.jar;C:\Users\user\.m2\repository\jakarta\inject\jakarta.inject-api\2.0.1\jakarta.inject-api-2.0.1.jar;C:\Users\user\.m2\repository\org\antlr\antlr4-runtime\4.13.0\antlr4-runtime-4.13.0.jar;C:\Users\user\.m2\repository\org\springframework\data\spring-data-jpa\3.3.1\spring-data-jpa-3.3.1.jar;C:\Users\user\.m2\repository\org\springframework\data\spring-data-commons\3.3.1\spring-data-commons-3.3.1.jar;C:\Users\user\.m2\repository\org\springframework\spring-orm\6.1.10\spring-orm-6.1.10.jar;C:\Users\user\.m2\repository\org\springframework\spring-tx\6.1.10\spring-tx-6.1.10.jar;C:\Users\user\.m2\repository\org\springframework\spring-aspects\6.1.10\spring-aspects-6.1.10.jar;C:\Users\user\.m2\repository\org\springframework\boot\spring-boot-starter-validation\3.3.1\spring-boot-starter-validation-3.3.1.jar;C:\Users\user\.m2\repository\org\apache\tomcat\embed\tomcat-embed-el\10.1.25\tomcat-embed-el-10.1.25.jar;C:\Users\user\.m2\repository\org\hibernate\validator\hibernate-validator\8.0.1.Final\hibernate-validator-8.0.1.Final.jar;C:\Users\user\.m2\repository\jakarta\validation\jakarta.validation-api\3.0.2\jakarta.validation-api-3.0.2.jar;C:\Users\user\.m2\repository\org\springframework\boot\spring-boot-starter-web\3.3.1\spring-boot-starter-web-3.3.1.jar;C:\Users\user\.m2\repository\org\springframework\boot\spring-boot-starter-json\3.3.1\spring-boot-starter-json-3.3.1.jar;C:\Users\user\.m2\repository\com\fasterxml\jackson\datatype\jackson-datatype-jdk8\2.17.1\jackson-datatype-jdk8-2.17.1.jar;C:\Users\user\.m2\repository\com\fasterxml\jackson\datatype\jackson-datatype-jsr310\2.17.1\jackson-datatype-jsr310-2.17.1.jar;C:\Users\user\.m2\repository\com\fasterxml\jackson\module\jackson-module-parameter-names\2.17.1\jackson-module-parameter-names-2.17.1.jar;C:\Users\user\.m2\repository\org\springframework\boot\spring-boot-starter-tomcat\3.3.1\spring-boot-starter-tomcat-3.3.1.jar;C:\Users\user\.m2\repository\org\apache\tomcat\embed\tomcat-embed-core\10.1.25\tomcat-embed-core-10.1.25.jar;C:\Users\user\.m2\repository\org\apache\tomcat\embed\tomcat-embed-websocket\10.1.25\tomcat-embed-websocket-10.1.25.jar;C:\Users\user\.m2\repository\org\springframework\spring-web\6.1.10\spring-web-6.1.10.jar;C:\Users\user\.m2\repository\io\micrometer\micrometer-observation\1.13.1\micrometer-observation-1.13.1.jar;C:\Users\user\.m2\repository\io\micrometer\micrometer-commons\1.13.1\micrometer-commons-1.13.1.jar;C:\Users\user\.m2\repository\org\springframework\spring-webmvc\6.1.10\spring-webmvc-6.1.10.jar
Launcher Type: SUN_STANDARD

[Global flags]
     intx CICompilerCount                          = 3                                         {product} {ergonomic}
     uint ConcGCThreads                            = 1                                         {product} {ergonomic}
     uint G1ConcRefinementThreads                  = 4                                         {product} {ergonomic}
   size_t G1HeapRegionSize                         = 2097152                                   {product} {ergonomic}
   size_t InitialHeapSize                          = 268435456                                 {product} {ergonomic}
   size_t MarkStackSize                            = 4194304                                   {product} {ergonomic}
   size_t MarkStackSizeMax                         = 536870912                                 {product} {ergonomic}
   size_t MaxHeapSize                              = 4278190080                                {product} {ergonomic}
   size_t MaxNewSize                               = 2566914048                                {product} {ergonomic}
   size_t MinHeapDeltaBytes                        = 2097152                                   {product} {ergonomic}
   size_t MinHeapSize                              = 8388608                                   {product} {ergonomic}
    uintx NonNMethodCodeHeapSize                   = 5832704                                {pd product} {ergonomic}
    uintx NonProfiledCodeHeapSize                  = 122945536                              {pd product} {ergonomic}
    uintx ProfiledCodeHeapSize                     = 122880000                              {pd product} {ergonomic}
    uintx ReservedCodeCacheSize                    = 251658240                              {pd product} {ergonomic}
     bool SegmentedCodeCache                       = true                                      {product} {ergonomic}
   size_t SoftMaxHeapSize                          = 4278190080                             {manageable} {ergonomic}
     bool UseCompressedOops                        = true                           {product lp64_product} {ergonomic}
     bool UseG1GC                                  = true                                      {product} {ergonomic}
     bool UseLargePagesIndividualAllocation        = false                                  {pd product} {ergonomic}

Logging:
Log output configuration:
 #0: stdout all=warning uptime,level,tags foldmultilines=false
 #1: stderr all=off uptime,level,tags foldmultilines=false

Environment Variables:
JAVA_HOME=D:\jdk-17.0.1
PATH=C:\Program Files (x86)\Common Files\Oracle\Java\javapath;C:\Windows\system32;C:\Windows;C:\Windows\System32\Wbem;C:\Windows\System32\WindowsPowerShell\v1.0\;C:\Windows\System32\OpenSSH\;D:\Git\cmd;D:\jdk-17.0.1\bin;D:\apache-maven-3.9.9\bin;C:\Users\user\AppData\Local\Microsoft\WindowsApps;;D:\IntelliJ IDEA 2024.3.1\bin;
USERNAME=user
OS=Windows_NT
PROCESSOR_IDENTIFIER=Intel64 Family 6 Model 94 Stepping 3, GenuineIntel
TMP=C:\Users\user\AppData\Local\Temp
TEMP=C:\Users\user\AppData\Local\Temp




Periodic native trim disabled

---------------  S Y S T E M  ---------------

OS:
 Windows 11 , 64 bit Build 26100 (10.0.26100.2454)
OS uptime: 1 days 3:09 hours

CPU: total 4 (initial active 4) (4 cores per cpu, 1 threads per core) family 6 model 94 stepping 3 microcode 0xd6, cx8, cmov, fxsr, mmx, 3dnowpref, sse, sse2, sse3, ssse3, sse4.1, sse4.2, popcnt, lzcnt, tsc, tscinvbit, avx, avx2, aes, erms, clmul, bmi1, bmi2, adx, fma, vzeroupper, clflush, clflushopt, rdtscp, f16c
Processor Information for the first 4 processors :
  Max Mhz: 2701, Current Mhz: 2701, Mhz Limit: 2701

Memory: 4k page, system-wide physical 16317M (7829M free)
TotalPageFile size 19261M (AvailPageFile size 6891M)
current process WorkingSet (physical memory assigned to process): 180M, peak: 180M
current process commit charge ("private bytes"): 432M, peak: 433M

vm_info: OpenJDK 64-Bit Server VM (23.0.2+7-58) for windows-amd64 JRE (23.0.2+7-58), built on 2024-11-29T09:34:55Z with MS VC++ 17.6 (VS2022)

END.
